2013-05-31 01:45:31.465+0000: Creating new db @ /Users/shanerogers/projects/social_visualisation/neo4j_test/neo_blog/db/neo4j-development/neostore
2013-05-31 01:45:31.495+0000: [/Users/shanerogers/projects/social_visualisation/neo4j_test/neo_blog/db/neo4j-development/neostore.nodestore.db] brickCount=0 brickSize=1090512b mappedMem=109051904b (storeSize=0b)
2013-05-31 01:45:31.501+0000: /Users/shanerogers/projects/social_visualisation/neo4j_test/neo_blog/db/neo4j-development/neostore.nodestore.db hit=1 miss=0 switches=0 ooe=0
2013-05-31 01:45:31.514+0000: [/Users/shanerogers/projects/social_visualisation/neo4j_test/neo_blog/db/neo4j-development/neostore.relationshiptypestore.db.names] brickCount=0 brickSize=0b mappedMem=0b (storeSize=38b)
2013-05-31 01:45:31.520+0000: [/Users/shanerogers/projects/social_visualisation/neo4j_test/neo_blog/db/neo4j-development/neostore.relationshiptypestore.db] brickCount=0 brickSize=0b mappedMem=0b (storeSize=0b)
2013-05-31 01:45:31.520+0000: /Users/shanerogers/projects/social_visualisation/neo4j_test/neo_blog/db/neo4j-development/neostore.relationshiptypestore.db.names hit=0 miss=0 switches=0 ooe=0
2013-05-31 01:45:31.521+0000: /Users/shanerogers/projects/social_visualisation/neo4j_test/neo_blog/db/neo4j-development/neostore.relationshiptypestore.db hit=0 miss=0 switches=0 ooe=0
2013-05-31 01:45:31.522+0000: [/Users/shanerogers/projects/social_visualisation/neo4j_test/neo_blog/db/neo4j-development/neostore.relationshiptypestore.db.names] brickCount=0 brickSize=0b mappedMem=0b (storeSize=38b)
2013-05-31 01:45:31.522+0000: [/Users/shanerogers/projects/social_visualisation/neo4j_test/neo_blog/db/neo4j-development/neostore.relationshiptypestore.db] brickCount=0 brickSize=0b mappedMem=0b (storeSize=0b)
2013-05-31 01:45:31.523+0000: [/Users/shanerogers/projects/social_visualisation/neo4j_test/neo_blog/db/neo4j-development/neostore.propertystore.db.strings] brickCount=0 brickSize=333440b mappedMem=333447168b (storeSize=128b)
2013-05-31 01:45:31.523+0000: [/Users/shanerogers/projects/social_visualisation/neo4j_test/neo_blog/db/neo4j-development/neostore.propertystore.db.index.keys] brickCount=0 brickSize=1026b mappedMem=1048576b (storeSize=38b)
2013-05-31 01:45:31.525+0000: [/Users/shanerogers/projects/social_visualisation/neo4j_test/neo_blog/db/neo4j-development/neostore.propertystore.db.index] brickCount=0 brickSize=10485b mappedMem=1048576b (storeSize=0b)
2013-05-31 01:45:31.527+0000: [/Users/shanerogers/projects/social_visualisation/neo4j_test/neo_blog/db/neo4j-development/neostore.propertystore.db.arrays] brickCount=0 brickSize=378496b mappedMem=378535936b (storeSize=128b)
2013-05-31 01:45:31.530+0000: [/Users/shanerogers/projects/social_visualisation/neo4j_test/neo_blog/db/neo4j-development/neostore.propertystore.db] brickCount=0 brickSize=3932146b mappedMem=393216000b (storeSize=0b)
2013-05-31 01:45:31.533+0000: [/Users/shanerogers/projects/social_visualisation/neo4j_test/neo_blog/db/neo4j-development/neostore.relationshipstore.db] brickCount=0 brickSize=4812951b mappedMem=481296384b (storeSize=0b)
2013-05-31 01:45:31.533+0000: [/Users/shanerogers/projects/social_visualisation/neo4j_test/neo_blog/db/neo4j-development/neostore.nodestore.db] brickCount=0 brickSize=109044b mappedMem=109051904b (storeSize=9b)
2013-05-31 01:45:31.534+0000: [/Users/shanerogers/projects/social_visualisation/neo4j_test/neo_blog/db/neo4j-development/neostore] brickCount=0 brickSize=0b mappedMem=0b (storeSize=0b)
2013-05-31 01:45:31.540+0000: /Users/shanerogers/projects/social_visualisation/neo4j_test/neo_blog/db/neo4j-development/neostore.relationshiptypestore.db.names hit=0 miss=0 switches=0 ooe=0
2013-05-31 01:45:31.541+0000: /Users/shanerogers/projects/social_visualisation/neo4j_test/neo_blog/db/neo4j-development/neostore.relationshiptypestore.db hit=0 miss=0 switches=0 ooe=0
2013-05-31 01:45:31.541+0000: /Users/shanerogers/projects/social_visualisation/neo4j_test/neo_blog/db/neo4j-development/neostore.propertystore.db.strings hit=0 miss=0 switches=0 ooe=0
2013-05-31 01:45:31.542+0000: /Users/shanerogers/projects/social_visualisation/neo4j_test/neo_blog/db/neo4j-development/neostore.propertystore.db.index.keys hit=0 miss=0 switches=0 ooe=0
2013-05-31 01:45:31.543+0000: /Users/shanerogers/projects/social_visualisation/neo4j_test/neo_blog/db/neo4j-development/neostore.propertystore.db.index hit=0 miss=0 switches=0 ooe=0
2013-05-31 01:45:31.543+0000: /Users/shanerogers/projects/social_visualisation/neo4j_test/neo_blog/db/neo4j-development/neostore.propertystore.db.arrays hit=0 miss=0 switches=0 ooe=0
2013-05-31 01:45:31.544+0000: /Users/shanerogers/projects/social_visualisation/neo4j_test/neo_blog/db/neo4j-development/neostore.propertystore.db hit=0 miss=0 switches=0 ooe=0
2013-05-31 01:45:31.545+0000: /Users/shanerogers/projects/social_visualisation/neo4j_test/neo_blog/db/neo4j-development/neostore.relationshipstore.db hit=0 miss=0 switches=0 ooe=0
2013-05-31 01:45:31.545+0000: /Users/shanerogers/projects/social_visualisation/neo4j_test/neo_blog/db/neo4j-development/neostore.nodestore.db hit=0 miss=0 switches=0 ooe=0
2013-05-31 01:45:31.546+0000: /Users/shanerogers/projects/social_visualisation/neo4j_test/neo_blog/db/neo4j-development/neostore hit=0 miss=8 switches=0 ooe=0
2013-05-31 01:45:31.550+0000: [/Users/shanerogers/projects/social_visualisation/neo4j_test/neo_blog/db/neo4j-development/neostore.relationshiptypestore.db.names] brickCount=0 brickSize=0b mappedMem=0b (storeSize=38b)
2013-05-31 01:45:31.550+0000: [/Users/shanerogers/projects/social_visualisation/neo4j_test/neo_blog/db/neo4j-development/neostore.relationshiptypestore.db] brickCount=0 brickSize=0b mappedMem=0b (storeSize=0b)
2013-05-31 01:45:31.550+0000: [/Users/shanerogers/projects/social_visualisation/neo4j_test/neo_blog/db/neo4j-development/neostore.propertystore.db.strings] brickCount=0 brickSize=333440b mappedMem=333447168b (storeSize=128b)
2013-05-31 01:45:31.551+0000: [/Users/shanerogers/projects/social_visualisation/neo4j_test/neo_blog/db/neo4j-development/neostore.propertystore.db.index.keys] brickCount=0 brickSize=1026b mappedMem=1048576b (storeSize=38b)
2013-05-31 01:45:31.551+0000: [/Users/shanerogers/projects/social_visualisation/neo4j_test/neo_blog/db/neo4j-development/neostore.propertystore.db.index] brickCount=0 brickSize=10485b mappedMem=1048576b (storeSize=0b)
2013-05-31 01:45:31.552+0000: [/Users/shanerogers/projects/social_visualisation/neo4j_test/neo_blog/db/neo4j-development/neostore.propertystore.db.arrays] brickCount=0 brickSize=378496b mappedMem=378535936b (storeSize=128b)
2013-05-31 01:45:31.552+0000: [/Users/shanerogers/projects/social_visualisation/neo4j_test/neo_blog/db/neo4j-development/neostore.propertystore.db] brickCount=0 brickSize=3932146b mappedMem=393216000b (storeSize=0b)
2013-05-31 01:45:31.553+0000: [/Users/shanerogers/projects/social_visualisation/neo4j_test/neo_blog/db/neo4j-development/neostore.relationshipstore.db] brickCount=0 brickSize=4812951b mappedMem=481296384b (storeSize=0b)
2013-05-31 01:45:31.553+0000: [/Users/shanerogers/projects/social_visualisation/neo4j_test/neo_blog/db/neo4j-development/neostore.nodestore.db] brickCount=0 brickSize=109044b mappedMem=109051904b (storeSize=9b)
2013-05-31 01:45:31.554+0000: [/Users/shanerogers/projects/social_visualisation/neo4j_test/neo_blog/db/neo4j-development/neostore] brickCount=0 brickSize=0b mappedMem=0b (storeSize=54b)
2013-05-31 01:45:31.574+0000: Opened logical log [/Users/shanerogers/projects/social_visualisation/neo4j_test/neo_blog/db/neo4j-development/nioneo_logical.log.1] version=0, lastTxId=1 (clean)
2013-05-31 01:45:31.592+0000: TM new log: tm_tx_log.1
2013-05-31 01:45:31.631+0000: Opened logical log [/Users/shanerogers/projects/social_visualisation/neo4j_test/neo_blog/db/neo4j-development/index/lucene.log.1] version=0, lastTxId=1 (clean)
2013-05-31 01:45:31.635+0000: --- STARTUP diagnostics START ---
2013-05-31 01:45:31.638+0000: Neo4j Kernel properties:
    forced_kernel_id=
    read_only=false
    neo4j.ext.udc.host=udc.neo4j.org
    logical_log=nioneo_logical.log
    node_auto_indexing=false
    intercept_committing_transactions=false
    remote_shell_name=shell
    cache_type=soft
    intercept_deserialized_transactions=false
    lucene_searcher_cache_size=2147483647
    neo4j.ext.udc.interval=86400000
    use_memory_mapped_buffers=true
    timestamps=true
    rebuild_idgenerators_fast=true
    neostore.propertystore.db.index.keys.mapped_memory=1M
    neostore.propertystore.db.arrays.mapped_memory=361M
    neostore.propertystore.db.strings.mapped_memory=318M
    log_mapped_memory_stats_filename=mapped_memory_stats.log
    log_mapped_memory_stats_interval=1000000
    gcr_cache_min_log_interval=60s
    relationship_grab_size=100
    relationship_auto_indexing=false
    remote_shell_read_only=false
    storage_path=/Users/shanerogers/projects/social_visualisation/neo4j_test/neo_blog/db/neo4j-development
    node_cache_array_fraction=1.0
    allow_store_upgrade=false
    execution_guard_enabled=false
    relationship_cache_array_fraction=1.0
    migration_thread=false
    store_dir=/Users/shanerogers/projects/social_visualisation/neo4j_test/neo_blog/db/neo4j-development
    remote_logging_host=127.0.0.1
    online_backup_enabled=false
    remote_logging_port=4560
    gc_monitor_threshold=200ms
    enable_rules=true
    array_block_size=120
    load_kernel_extensions=true
    neostore.relationshipstore.db.mapped_memory=459M
    keep_logical_logs=true
    dump_configuration=false
    gc_monitor_wait_time=100ms
    neostore.nodestore.db.mapped_memory=104M
    neo4j.ext.udc.first_delay=600000
    remote_shell_enabled=false
    neo4j.ext.udc.reg=unreg
    remote_shell_port=1337
    identity_map=true
    log_mapped_memory_stats=false
    mapped_memory_page_size=1M
    neo_store=neostore
    query_cache_size=100
    logging.threshold_for_rotation=104857600
    neostore.propertystore.db.index.mapped_memory=1M
    backup_slave=false
    neostore.propertystore.db.mapped_memory=375M
    string_block_size=120
    grab_file_lock=true
    remote_logging_enabled=false
    neo4j.ext.udc.enabled=true
    all_stores_total_mapped_memory_size=500M
    online_backup_port=6362
2013-05-31 01:45:31.644+0000: Diagnostics providers:
    org.neo4j.kernel.configuration.Config
    org.neo4j.kernel.info.DiagnosticsManager
    SYSTEM_MEMORY
    JAVA_MEMORY
    OPERATING_SYSTEM
    JAVA_VIRTUAL_MACHINE
    CLASSPATH
    LIBRARY_PATH
    SYSTEM_PROPERTIES
    NETWORK
2013-05-31 01:45:31.645+0000: System memory information:
    Total Physical memory: 4.00 GB
    Free Physical memory: 88.21 MB
    Committed virtual memory: 3.15 GB
    Total swap space: 5.00 GB
    Free swap space: 130.91 MB
2013-05-31 01:45:31.655+0000: JVM memory information:
    Free  memory: 40.22 MB
    Total memory: 81.06 MB
    Max   memory: 493.75 MB
    Garbage Collector: ParNew: [Par Eden Space, Par Survivor Space]
    Garbage Collector: ConcurrentMarkSweep: [Par Eden Space, Par Survivor Space, CMS Old Gen, CMS Perm Gen]
    Memory Pool: Code Cache (Non-heap memory): committed=4.00 MB, used=3.86 MB, max=48.00 MB, threshold=0.00 B
    Memory Pool: Par Eden Space (Heap memory): committed=16.63 MB, used=2.67 MB, max=50.00 MB, threshold=?
    Memory Pool: Par Survivor Space (Heap memory): committed=2.06 MB, used=1.64 MB, max=6.25 MB, threshold=?
    Memory Pool: CMS Old Gen (Heap memory): committed=62.38 MB, used=36.53 MB, max=437.50 MB, threshold=0.00 B
    Memory Pool: CMS Perm Gen (Non-heap memory): committed=61.44 MB, used=40.89 MB, max=82.00 MB, threshold=0.00 B
2013-05-31 01:45:31.664+0000: Operating system information:
    Operating System: Mac OS X; version: 10.8.3; arch: x86_64; cpus: 4
    Max number of file descriptors: 10240
    Number of open file descriptors: 84
    Process id: 39978@Shanes-MacBook-Air.local
    Byte order: LITTLE_ENDIAN
    Local timezone: America/Denver
2013-05-31 01:45:31.675+0000: JVM information:
    VM Name: Java HotSpot(TM) 64-Bit Server VM
    VM Vendor: Apple Inc.
    VM Version: 20.45-b01-451
    JIT compiler: HotSpot 64-Bit Tiered Compilers
    VM Arguments: [-Djdk.home=, -Djruby.home=/Users/shanerogers/.rvm/rubies/jruby-1.7.2, -Djruby.script=jruby, -Djruby.shell=/bin/sh, -Djffi.boot.library.path=/Users/shanerogers/.rvm/rubies/jruby-1.7.2/lib/native:/Users/shanerogers/.rvm/rubies/jruby-1.7.2/lib/native/Darwin, -Xmx500m, -Xss2048k, -Xbootclasspath/a:/Users/shanerogers/.rvm/rubies/jruby-1.7.2/lib/jruby.jar, -Dfile.encoding=UTF-8]
2013-05-31 01:45:31.676+0000: Java classpath:
     [bootstrap] /System/Library/Java/JavaVirtualMachines/1.6.0.jdk/Contents/Classes/charsets.jar
     [loader.0] file:/Users/shanerogers/.rvm/gems/jruby-1.7.2/gems/neo4j-community-1.8.2-java/lib/neo4j-community/jars/neo4j-lucene-index-1.8.2.jar
     [bootstrap] /System/Library/Frameworks/JavaVM.framework/Versions/A/Frameworks/JavaRuntimeSupport.framework/Versions/A/Resources/Java/JavaRuntimeSupport.jar
     [loader.2] file:/System/Library/Java/Extensions/dns_sd.jar
     [loader.0] file:/Users/shanerogers/.rvm/gems/jruby-1.7.2/gems/neo4j-community-1.8.2-java/lib/neo4j-community/jars/neo4j-kernel-1.8.2.jar
     [loader.0] file:/Users/shanerogers/.rvm/gems/jruby-1.7.2/gems/neo4j-community-1.8.2-java/lib/neo4j-community/jars/concurrentlinkedhashmap-lru-1.3.1.jar
     [loader.2] file:/System/Library/Java/Extensions/MRJToolkit.jar
     [loader.0] file:/Users/shanerogers/.rvm/gems/jruby-1.7.2/gems/json-1.8.0-java/lib/json/ext/generator.jar
     [loader.0] file:/Users/shanerogers/.rvm/gems/jruby-1.7.2/gems/neo4j-community-1.8.2-java/lib/neo4j-community/jars/neo4j-shell-1.8.2.jar
     [loader.2] file:/System/Library/Java/Extensions/vecmath.jar
     [loader.2] file:/System/Library/Java/Extensions/libmlib_jai.jnilib
     [loader.0] file:/Users/shanerogers/.rvm/gems/jruby-1.7.2/gems/neo4j-community-1.8.2-java/lib/neo4j-community/jars/scala-library-2.9.1-1.jar
     [loader.0] file:/Users/shanerogers/.rvm/gems/jruby-1.7.2/gems/neo4j-community-1.8.2-java/lib/neo4j-community/jars/neo4j-graph-matching-1.8.2.jar
     [loader.0] file:/Users/shanerogers/.rvm/gems/jruby-1.7.2/gems/neo4j-community-1.8.2-java/lib/neo4j-community/jars/neo4j-graph-algo-1.8.2.jar
     [loader.2] file:/System/Library/Java/JavaVirtualMachines/1.6.0.jdk/Contents/Home/lib/ext/dnsns.jar
     [bootstrap] /System/Library/Java/JavaVirtualMachines/1.6.0.jdk/Contents/Classes/laf.jar
     [loader.2] file:/System/Library/Java/Extensions/libJ3D.jnilib
     [loader.2] file:/System/Library/Java/Extensions/mlibwrapper_jai.jar
     [bootstrap] /System/Library/Java/JavaVirtualMachines/1.6.0.jdk/Contents/Classes/classes.jar
     [loader.2] file:/System/Library/Java/JavaVirtualMachines/1.6.0.jdk/Contents/Home/lib/ext/localedata.jar
     [loader.2] file:/System/Library/Java/Extensions/QTJava.zip
     [loader.0] file:/Users/shanerogers/.rvm/gems/jruby-1.7.2/gems/neo4j-community-1.8.2-java/lib/neo4j-community/jars/geronimo-jta_1.1_spec-1.1.1.jar
     [loader.0] file:/Users/shanerogers/.rvm/gems/jruby-1.7.2/gems/neo4j-community-1.8.2-java/lib/neo4j-community/jars/neo4j-jmx-1.8.2.jar
     [bootstrap] /System/Library/Java/JavaVirtualMachines/1.6.0.jdk/Contents/Classes/ui.jar
     [loader.2] file:/System/Library/Java/Extensions/libAppleScriptEngine.jnilib
     [loader.2] file:/System/Library/Java/Extensions/libJ3DAudio.jnilib
     [loader.0] file:/Users/shanerogers/.rvm/gems/jruby-1.7.2/gems/neo4j-community-1.8.2-java/lib/neo4j-community/jars/neo4j-cypher-1.8.2.jar
     [loader.2] file:/System/Library/Java/Extensions/j3daudio.jar
     [loader.0] file:/Users/shanerogers/.rvm/gems/jruby-1.7.2/gems/neo4j-community-1.8.2-java/lib/neo4j-community/jars/org.apache.servicemix.bundles.jline-0.9.94_1.jar
     [loader.0] file:/Users/shanerogers/.rvm/gems/jruby-1.7.2/gems/json-1.8.0-java/lib/json/ext/parser.jar
     [loader.2] file:/System/Library/Java/Extensions/libJ3DUtils.jnilib
     [loader.2] file:/System/Library/Java/Extensions/libQTJNative.jnilib
     [loader.2] file:/System/Library/Java/Extensions/j3dcore.jar
     [loader.0] file:/Users/shanerogers/.rvm/gems/jruby-1.7.2@global/gems/bouncy-castle-java-1.5.0147/lib/bcprov-jdk15on-147.jar
     [bootstrap] /Users/shanerogers/.rvm/rubies/jruby-1.7.2/lib/jruby.jar
     [bootstrap] /System/Library/Java/JavaVirtualMachines/1.6.0.jdk/Contents/Classes/sunrsasign.jar
     [loader.2] file:/System/Library/Java/Extensions/j3dutils.jar
     [loader.0] file:/Users/shanerogers/.rvm/gems/jruby-1.7.2@global/gems/bouncy-castle-java-1.5.0147/lib/bcpkix-jdk15on-147.jar
     [loader.2] file:/System/Library/Java/Extensions/jai_core.jar
     [loader.2] file:/System/Library/Java/Extensions/jai_codec.jar
     [classpath + loader.1] file:/Users/shanerogers/projects/social_visualisation/neo4j_test/neo_blog/
     [loader.0] file:/Users/shanerogers/.rvm/gems/jruby-1.7.2/gems/neo4j-community-1.8.2-java/lib/neo4j-community/jars/server-api-1.8.2.jar
     [loader.2] file:/System/Library/Java/JavaVirtualMachines/1.6.0.jdk/Contents/Home/lib/ext/sunjce_provider.jar
     [loader.0] file:/Users/shanerogers/.rvm/gems/jruby-1.7.2/gems/neo4j-community-1.8.2-java/lib/neo4j-community/jars/lucene-core-3.5.0.jar
     [bootstrap] /System/Library/Java/JavaVirtualMachines/1.6.0.jdk/Contents/Home/lib/jce.jar
     [loader.0] file:/Users/shanerogers/.rvm/gems/jruby-1.7.2/gems/therubyrhino_jar-1.7.4/jar/rhino-1.7R4.jar
     [bootstrap] /System/Library/Java/JavaVirtualMachines/1.6.0.jdk/Contents/Classes/jsse.jar
     [loader.0] file:/Users/shanerogers/.rvm/gems/jruby-1.7.2/gems/neo4j-core-2.2.4-java/lib/neo4j-core/jars/neo4jrb-adaptor.jar
     [loader.2] file:/System/Library/Java/Extensions/AppleScriptEngine.jar
     [loader.0] file:/Users/shanerogers/.rvm/gems/jruby-1.7.2@global/gems/jruby-openssl-0.8.8/lib/shared/jopenssl.jar
     [loader.2] file:/System/Library/Java/JavaVirtualMachines/1.6.0.jdk/Contents/Home/lib/ext/apple_provider.jar
     [bootstrap] /System/Library/Java/JavaVirtualMachines/1.6.0.jdk/Contents/Classes/jsfd.jar
     [loader.0] file:/Users/shanerogers/.rvm/gems/jruby-1.7.2/gems/neo4j-community-1.8.2-java/lib/neo4j-community/jars/neo4j-udc-1.8.2.jar
     [loader.2] file:/System/Library/Java/JavaVirtualMachines/1.6.0.jdk/Contents/Home/lib/ext/sunpkcs11.jar
2013-05-31 01:45:31.679+0000: Library path:
    /Users/shanerogers/projects/social_visualisation/neo4j_test/neo_blog
    /Library/Java/Extensions
    /System/Library/Java/Extensions
    /usr/lib/java
2013-05-31 01:45:31.680+0000: System.properties:
    jruby.home = /Users/shanerogers/.rvm/rubies/jruby-1.7.2
    sun.boot.library.path = /System/Library/Java/JavaVirtualMachines/1.6.0.jdk/Contents/Libraries
    awt.nativeDoubleBuffering = true
    gopherProxySet = false
    mrj.build = 11M4406
    path.separator = :
    file.encoding.pkg = sun.io
    sun.java.launcher = SUN_STANDARD
    user.country = US
    sun.os.patch.level = unknown
    user.dir = /Users/shanerogers/projects/social_visualisation/neo4j_test/neo_blog
    neo4j.ext.udc.source = neo4rb
    jdk.home = 
    sun.jnu.encoding = MacRoman
    sun.management.compiler = HotSpot 64-Bit Tiered Compilers
    http.nonProxyHosts = local|*.local|169.254/16|*.169.254/16
    jffi.boot.library.path = /Users/shanerogers/.rvm/rubies/jruby-1.7.2/lib/native:/Users/shanerogers/.rvm/rubies/jruby-1.7.2/lib/native/Darwin
    user.home = /Users/shanerogers
    user.timezone = America/Denver
    file.encoding = UTF-8
    jruby.script = jruby
    user.name = shanerogers
    jruby.shell = /bin/sh
    sun.java.command = org/jruby/Main script/rails c
    sun.arch.data.model = 64
    user.language = en
    awt.toolkit = apple.awt.CToolkit
    file.separator = /
    sun.io.unicode.encoding = UnicodeLittle
    sun.cpu.endian = little
    mrj.version = 1070.1.6.0_45-451
    socksNonProxyHosts = local|*.local|169.254/16|*.169.254/16
    ftp.nonProxyHosts = local|*.local|169.254/16|*.169.254/16
    sun.cpu.isalist = 
2013-05-31 01:45:31.681+0000: Network information:
    Interface en0:
        address: fe80:0:0:0:7ed1:c3ff:fee1:c94f%4
        address: 10.19.1.30
    Interface lo0:
        address: 0:0:0:0:0:0:0:1
        address: fe80:0:0:0:0:0:0:1%1
        address: 127.0.0.1
2013-05-31 01:45:31.684+0000: --- STARTUP diagnostics END ---
2013-05-31 01:45:31.689+0000: Recovery completed, all transactions have been resolved to a consistent state.
2013-05-31 01:45:31.774+0000: Extension org.neo4j.kernel.KernelExtension[kernel jmx] loaded ok
2013-05-31 01:45:31.779+0000: Extension org.neo4j.kernel.KernelExtension[kernel udc] loaded ok
2013-05-31 01:45:31.780+0000: Extension org.neo4j.kernel.KernelExtension[shell] loaded ok
2013-05-31 01:45:31.784+0000: --- STARTUP diagnostics for KernelDiagnostics:Versions START ---
2013-05-31 01:45:31.785+0000: Graph Database: org.neo4j.kernel.EmbeddedGraphDatabase StoreId[time:1369964731467, id:-8306731784943516119, store version: 13561656364791302]
2013-05-31 01:45:31.785+0000: Kernel version: Neo4j - Graph Database Kernel 1.8.2
2013-05-31 01:45:31.785+0000: Neo4j component versions:
2013-05-31 01:45:31.785+0000:   Neo4j - Graph Database Kernel 1.8.2
2013-05-31 01:45:31.785+0000: --- STARTUP diagnostics for KernelDiagnostics:Versions END ---
2013-05-31 01:45:31.789+0000: --- STARTUP diagnostics for NEO_STORE_VERSIONS START ---
2013-05-31 01:45:31.790+0000: Store versions:
    Store versions:
      NeoStore v0.A.0
      NodeStore v0.A.0
      RelationshipStore v0.A.0
      RelationshipTypeStore v0.A.0
      PropertyStore v0.A.0
      PropertyIndexStore v0.A.0
      StringPropertyStore v0.A.0
      ArrayPropertyStore v0.A.0
2013-05-31 01:45:31.790+0000: --- STARTUP diagnostics for NEO_STORE_VERSIONS END ---
2013-05-31 01:45:31.790+0000: --- STARTUP diagnostics for NEO_STORE_ID_USAGE START ---
2013-05-31 01:45:31.790+0000: Id usage:
    Id usage:
      NodeStore: used=1 high=0
      RelationshipStore: used=0 high=-1
      RelationshipTypeStore: used=0 high=-1
      PropertyStore: used=0 high=-1
      PropertyIndexStore: used=0 high=-1
      StringPropertyStore: used=1 high=0
      ArrayPropertyStore: used=1 high=0
2013-05-31 01:45:31.791+0000: --- STARTUP diagnostics for NEO_STORE_ID_USAGE END ---
2013-05-31 01:45:31.791+0000: --- STARTUP diagnostics for PERSISTENCE_WINDOW_POOL_STATS START ---
2013-05-31 01:45:31.791+0000: --- STARTUP diagnostics for PERSISTENCE_WINDOW_POOL_STATS END ---
2013-05-31 01:45:31.791+0000: --- STARTUP diagnostics for KernelDiagnostics:StoreFiles START ---
2013-05-31 01:45:31.791+0000: Disk space on partition (Total / Free / Free %): 120473067520 / 47170650112 / 60
Storage files: (filename : modification date - size)
      active_tx_log: 2013-05-30T19:45:31-0600 - 11.00 B
      index:
        lucene-store.db: 2013-05-30T19:45:31-0600 - 40.00 B
        lucene.log.1: 2013-05-30T19:45:31-0600 - 16.00 B
        lucene.log.active: 2013-05-30T19:45:31-0600 - 4.00 B
      - Total: 2013-05-30T19:45:31-0600 - 60.00 B
      lock: 2013-05-30T19:45:31-0600 - 0.00 B
      messages.log: 2013-05-30T19:45:31-0600 - 21.60 kB
      neostore: 2013-05-30T19:45:31-0600 - 54.00 B
      neostore.id: 2013-05-30T19:45:31-0600 - 9.00 B
      neostore.nodestore.db: 2013-05-30T19:45:31-0600 - 9.00 B
      neostore.nodestore.db.id: 2013-05-30T19:45:31-0600 - 9.00 B
      neostore.propertystore.db: 2013-05-30T19:45:31-0600 - 0.00 B
      neostore.propertystore.db.arrays: 2013-05-30T19:45:31-0600 - 128.00 B
      neostore.propertystore.db.arrays.id: 2013-05-30T19:45:31-0600 - 9.00 B
      neostore.propertystore.db.id: 2013-05-30T19:45:31-0600 - 9.00 B
      neostore.propertystore.db.index: 2013-05-30T19:45:31-0600 - 0.00 B
      neostore.propertystore.db.index.id: 2013-05-30T19:45:31-0600 - 9.00 B
      neostore.propertystore.db.index.keys: 2013-05-30T19:45:31-0600 - 38.00 B
      neostore.propertystore.db.index.keys.id: 2013-05-30T19:45:31-0600 - 9.00 B
      neostore.propertystore.db.strings: 2013-05-30T19:45:31-0600 - 128.00 B
      neostore.propertystore.db.strings.id: 2013-05-30T19:45:31-0600 - 9.00 B
      neostore.relationshipstore.db: 2013-05-30T19:45:31-0600 - 0.00 B
      neostore.relationshipstore.db.id: 2013-05-30T19:45:31-0600 - 9.00 B
      neostore.relationshiptypestore.db: 2013-05-30T19:45:31-0600 - 0.00 B
      neostore.relationshiptypestore.db.id: 2013-05-30T19:45:31-0600 - 9.00 B
      neostore.relationshiptypestore.db.names: 2013-05-30T19:45:31-0600 - 38.00 B
      neostore.relationshiptypestore.db.names.id: 2013-05-30T19:45:31-0600 - 9.00 B
      nioneo_logical.log.1: 2013-05-30T19:45:31-0600 - 16.00 B
      nioneo_logical.log.active: 2013-05-30T19:45:31-0600 - 4.00 B
      store_lock: 2013-05-30T19:45:31-0600 - 0.00 B
      tm_tx_log.1: 2013-05-30T19:45:31-0600 - 0.00 B
2013-05-31 01:45:31.798+0000: --- STARTUP diagnostics for KernelDiagnostics:StoreFiles END ---
2013-05-31 01:45:31.799+0000: Started - database is now available
2013-05-31 01:45:31.800+0000: GC Monitor started. 
2013-05-31 01:53:25.252+0000: Stopping - database is now unavailable
2013-05-31 01:53:25.253+0000: TM shutting down
2013-05-31 01:53:25.257+0000: Closed log /Users/shanerogers/projects/social_visualisation/neo4j_test/neo_blog/db/neo4j-development/index/lucene.log
2013-05-31 01:53:25.273+0000: Closed log /Users/shanerogers/projects/social_visualisation/neo4j_test/neo_blog/db/neo4j-development/nioneo_logical.log
2013-05-31 01:53:25.273+0000: /Users/shanerogers/projects/social_visualisation/neo4j_test/neo_blog/db/neo4j-development/neostore.relationshiptypestore.db.names hit=0 miss=3 switches=0 ooe=0
2013-05-31 01:53:25.273+0000: /Users/shanerogers/projects/social_visualisation/neo4j_test/neo_blog/db/neo4j-development/neostore.relationshiptypestore.db hit=0 miss=3 switches=0 ooe=0
2013-05-31 01:53:25.274+0000: /Users/shanerogers/projects/social_visualisation/neo4j_test/neo_blog/db/neo4j-development/neostore.propertystore.db.strings hit=4 miss=0 switches=0 ooe=0
2013-05-31 01:53:25.275+0000: /Users/shanerogers/projects/social_visualisation/neo4j_test/neo_blog/db/neo4j-development/neostore.propertystore.db.index.keys hit=5 miss=0 switches=0 ooe=0
2013-05-31 01:53:25.275+0000: /Users/shanerogers/projects/social_visualisation/neo4j_test/neo_blog/db/neo4j-development/neostore.propertystore.db.index hit=5 miss=0 switches=0 ooe=0
2013-05-31 01:53:25.276+0000: /Users/shanerogers/projects/social_visualisation/neo4j_test/neo_blog/db/neo4j-development/neostore.propertystore.db.arrays hit=0 miss=0 switches=0 ooe=0
2013-05-31 01:53:25.277+0000: /Users/shanerogers/projects/social_visualisation/neo4j_test/neo_blog/db/neo4j-development/neostore.propertystore.db hit=6 miss=0 switches=0 ooe=0
2013-05-31 01:53:25.278+0000: /Users/shanerogers/projects/social_visualisation/neo4j_test/neo_blog/db/neo4j-development/neostore.relationshipstore.db hit=8 miss=0 switches=0 ooe=0
2013-05-31 01:53:25.278+0000: /Users/shanerogers/projects/social_visualisation/neo4j_test/neo_blog/db/neo4j-development/neostore.nodestore.db hit=13 miss=0 switches=0 ooe=0
2013-05-31 01:53:25.279+0000: /Users/shanerogers/projects/social_visualisation/neo4j_test/neo_blog/db/neo4j-development/neostore hit=0 miss=22 switches=0 ooe=0
2013-05-31 01:53:25.280+0000: NeoStore closed
2013-05-31 01:53:25.280+0000: --- SHUTDOWN diagnostics START ---
2013-05-31 01:53:25.280+0000: --- SHUTDOWN diagnostics END ---
2013-05-31 02:04:52.357+0000: [/Users/shanerogers/projects/social_visualisation/neo4j_test/neo_blog/db/neo4j-development/neostore.relationshiptypestore.db.names] brickCount=0 brickSize=0b mappedMem=0b (storeSize=152b)
2013-05-31 02:04:52.363+0000: [/Users/shanerogers/projects/social_visualisation/neo4j_test/neo_blog/db/neo4j-development/neostore.relationshiptypestore.db] brickCount=0 brickSize=0b mappedMem=0b (storeSize=15b)
2013-05-31 02:04:52.364+0000: [/Users/shanerogers/projects/social_visualisation/neo4j_test/neo_blog/db/neo4j-development/neostore.propertystore.db.strings] brickCount=0 brickSize=333440b mappedMem=333447168b (storeSize=640b)
2013-05-31 02:04:52.364+0000: [/Users/shanerogers/projects/social_visualisation/neo4j_test/neo_blog/db/neo4j-development/neostore.propertystore.db.index.keys] brickCount=0 brickSize=1026b mappedMem=1048576b (storeSize=228b)
2013-05-31 02:04:52.367+0000: [/Users/shanerogers/projects/social_visualisation/neo4j_test/neo_blog/db/neo4j-development/neostore.propertystore.db.index] brickCount=0 brickSize=1044b mappedMem=1048576b (storeSize=45b)
2013-05-31 02:04:52.369+0000: [/Users/shanerogers/projects/social_visualisation/neo4j_test/neo_blog/db/neo4j-development/neostore.propertystore.db.arrays] brickCount=0 brickSize=378496b mappedMem=378535936b (storeSize=128b)
2013-05-31 02:04:52.373+0000: [/Users/shanerogers/projects/social_visualisation/neo4j_test/neo_blog/db/neo4j-development/neostore.propertystore.db] brickCount=0 brickSize=393190b mappedMem=393216000b (storeSize=246b)
2013-05-31 02:04:52.375+0000: [/Users/shanerogers/projects/social_visualisation/neo4j_test/neo_blog/db/neo4j-development/neostore.relationshipstore.db] brickCount=0 brickSize=481272b mappedMem=481296384b (storeSize=132b)
2013-05-31 02:04:52.378+0000: [/Users/shanerogers/projects/social_visualisation/neo4j_test/neo_blog/db/neo4j-development/neostore.nodestore.db] brickCount=0 brickSize=109044b mappedMem=109051904b (storeSize=45b)
2013-05-31 02:04:52.379+0000: [/Users/shanerogers/projects/social_visualisation/neo4j_test/neo_blog/db/neo4j-development/neostore] brickCount=0 brickSize=0b mappedMem=0b (storeSize=54b)
2013-05-31 02:04:52.407+0000: Opened logical log [/Users/shanerogers/projects/social_visualisation/neo4j_test/neo_blog/db/neo4j-development/nioneo_logical.log.1] version=1, lastTxId=7 (clean)
2013-05-31 02:04:52.415+0000: TM opening log: /Users/shanerogers/projects/social_visualisation/neo4j_test/neo_blog/db/neo4j-development/tm_tx_log.1
2013-05-31 02:04:52.452+0000: Opened logical log [/Users/shanerogers/projects/social_visualisation/neo4j_test/neo_blog/db/neo4j-development/index/lucene.log.1] version=1, lastTxId=1 (clean)
2013-05-31 02:04:52.456+0000: --- STARTUP diagnostics START ---
2013-05-31 02:04:52.459+0000: Neo4j Kernel properties:
    forced_kernel_id=
    read_only=false
    neo4j.ext.udc.host=udc.neo4j.org
    logical_log=nioneo_logical.log
    node_auto_indexing=false
    intercept_committing_transactions=false
    remote_shell_name=shell
    cache_type=soft
    intercept_deserialized_transactions=false
    lucene_searcher_cache_size=2147483647
    neo4j.ext.udc.interval=86400000
    use_memory_mapped_buffers=true
    timestamps=true
    rebuild_idgenerators_fast=true
    neostore.propertystore.db.index.keys.mapped_memory=1M
    neostore.propertystore.db.arrays.mapped_memory=361M
    neostore.propertystore.db.strings.mapped_memory=318M
    log_mapped_memory_stats_filename=mapped_memory_stats.log
    log_mapped_memory_stats_interval=1000000
    gcr_cache_min_log_interval=60s
    relationship_grab_size=100
    relationship_auto_indexing=false
    remote_shell_read_only=false
    storage_path=/Users/shanerogers/projects/social_visualisation/neo4j_test/neo_blog/db/neo4j-development
    node_cache_array_fraction=1.0
    allow_store_upgrade=false
    execution_guard_enabled=false
    relationship_cache_array_fraction=1.0
    migration_thread=false
    store_dir=/Users/shanerogers/projects/social_visualisation/neo4j_test/neo_blog/db/neo4j-development
    remote_logging_host=127.0.0.1
    online_backup_enabled=false
    remote_logging_port=4560
    gc_monitor_threshold=200ms
    enable_rules=true
    array_block_size=120
    load_kernel_extensions=true
    neostore.relationshipstore.db.mapped_memory=459M
    keep_logical_logs=true
    dump_configuration=false
    gc_monitor_wait_time=100ms
    neostore.nodestore.db.mapped_memory=104M
    neo4j.ext.udc.first_delay=600000
    remote_shell_enabled=false
    neo4j.ext.udc.reg=unreg
    remote_shell_port=1337
    identity_map=false
    log_mapped_memory_stats=false
    mapped_memory_page_size=1M
    neo_store=neostore
    query_cache_size=100
    logging.threshold_for_rotation=104857600
    neostore.propertystore.db.index.mapped_memory=1M
    backup_slave=false
    neostore.propertystore.db.mapped_memory=375M
    string_block_size=120
    grab_file_lock=true
    remote_logging_enabled=false
    neo4j.ext.udc.enabled=true
    all_stores_total_mapped_memory_size=500M
    online_backup_port=6362
2013-05-31 02:04:52.464+0000: Diagnostics providers:
    org.neo4j.kernel.configuration.Config
    org.neo4j.kernel.info.DiagnosticsManager
    SYSTEM_MEMORY
    JAVA_MEMORY
    OPERATING_SYSTEM
    JAVA_VIRTUAL_MACHINE
    CLASSPATH
    LIBRARY_PATH
    SYSTEM_PROPERTIES
    NETWORK
2013-05-31 02:04:52.464+0000: System memory information:
    Total Physical memory: 4.00 GB
    Free Physical memory: 52.91 MB
    Committed virtual memory: 3.15 GB
    Total swap space: 6.00 GB
    Free swap space: 1.30 GB
2013-05-31 02:04:52.474+0000: JVM memory information:
    Free  memory: 33.55 MB
    Total memory: 81.06 MB
    Max   memory: 493.75 MB
    Garbage Collector: ParNew: [Par Eden Space, Par Survivor Space]
    Garbage Collector: ConcurrentMarkSweep: [Par Eden Space, Par Survivor Space, CMS Old Gen, CMS Perm Gen]
    Memory Pool: Code Cache (Non-heap memory): committed=3.82 MB, used=3.67 MB, max=48.00 MB, threshold=0.00 B
    Memory Pool: Par Eden Space (Heap memory): committed=16.63 MB, used=14.89 MB, max=50.00 MB, threshold=?
    Memory Pool: Par Survivor Space (Heap memory): committed=2.06 MB, used=2.06 MB, max=6.25 MB, threshold=?
    Memory Pool: CMS Old Gen (Heap memory): committed=62.38 MB, used=30.56 MB, max=437.50 MB, threshold=0.00 B
    Memory Pool: CMS Perm Gen (Non-heap memory): committed=62.40 MB, used=39.83 MB, max=82.00 MB, threshold=0.00 B
2013-05-31 02:04:52.482+0000: Operating system information:
    Operating System: Mac OS X; version: 10.8.3; arch: x86_64; cpus: 4
    Max number of file descriptors: 10240
    Number of open file descriptors: 128
    Process id: 40492@Shanes-MacBook-Air.local
    Byte order: LITTLE_ENDIAN
    Local timezone: America/Denver
2013-05-31 02:04:52.487+0000: JVM information:
    VM Name: Java HotSpot(TM) 64-Bit Server VM
    VM Vendor: Apple Inc.
    VM Version: 20.45-b01-451
    JIT compiler: HotSpot 64-Bit Tiered Compilers
    VM Arguments: [-Djdk.home=, -Djruby.home=/Users/shanerogers/.rvm/rubies/jruby-1.7.2, -Djruby.script=jruby, -Djruby.shell=/bin/sh, -Djffi.boot.library.path=/Users/shanerogers/.rvm/rubies/jruby-1.7.2/lib/native:/Users/shanerogers/.rvm/rubies/jruby-1.7.2/lib/native/Darwin, -Xmx500m, -Xss2048k, -Xbootclasspath/a:/Users/shanerogers/.rvm/rubies/jruby-1.7.2/lib/jruby.jar, -Dfile.encoding=UTF-8]
2013-05-31 02:04:52.489+0000: Java classpath:
     [loader.0] file:/Users/shanerogers/.rvm/gems/jruby-1.7.2/gems/neo4j-admin-0.2.0-java/lib/neo4j-admin/jars/jackson-jaxrs-1.8.3.jar
     [bootstrap] /System/Library/Java/JavaVirtualMachines/1.6.0.jdk/Contents/Classes/charsets.jar
     [loader.0] file:/Users/shanerogers/.rvm/gems/jruby-1.7.2/gems/neo4j-admin-0.2.0-java/lib/neo4j-admin/jars/commons-io-1.4.jar
     [loader.2] file:/System/Library/Java/Extensions/dns_sd.jar
     [loader.0] file:/Users/shanerogers/.rvm/gems/jruby-1.7.2/gems/neo4j-community-1.8.2-java/lib/neo4j-community/jars/neo4j-lucene-index-1.8.2.jar
     [bootstrap] /System/Library/Frameworks/JavaVM.framework/Versions/A/Frameworks/JavaRuntimeSupport.framework/Versions/A/Resources/Java/JavaRuntimeSupport.jar
     [loader.0] file:/Users/shanerogers/.rvm/gems/jruby-1.7.2/gems/neo4j-community-1.8.2-java/lib/neo4j-community/jars/neo4j-kernel-1.8.2.jar
     [loader.0] file:/Users/shanerogers/.rvm/gems/jruby-1.7.2/gems/neo4j-community-1.8.2-java/lib/neo4j-community/jars/concurrentlinkedhashmap-lru-1.3.1.jar
     [loader.2] file:/System/Library/Java/Extensions/MRJToolkit.jar
     [loader.0] file:/Users/shanerogers/.rvm/gems/jruby-1.7.2/gems/neo4j-admin-0.2.0-java/lib/neo4j-admin/jars/pipes-1.0.jar
     [loader.0] file:/Users/shanerogers/.rvm/gems/jruby-1.7.2/gems/json-1.8.0-java/lib/json/ext/generator.jar
     [loader.2] file:/System/Library/Java/Extensions/vecmath.jar
     [loader.0] file:/Users/shanerogers/.rvm/gems/jruby-1.7.2/gems/neo4j-community-1.8.2-java/lib/neo4j-community/jars/neo4j-shell-1.8.2.jar
     [loader.2] file:/System/Library/Java/Extensions/libmlib_jai.jnilib
     [loader.0] file:/Users/shanerogers/.rvm/gems/jruby-1.7.2/gems/neo4j-community-1.8.2-java/lib/neo4j-community/jars/scala-library-2.9.1-1.jar
     [loader.0] file:/Users/shanerogers/.rvm/gems/jruby-1.7.2/gems/neo4j-admin-0.2.0-java/lib/neo4j-admin/jars/jetty-util-6.1.25.jar
     [loader.0] file:/Users/shanerogers/.rvm/gems/jruby-1.7.2/gems/neo4j-community-1.8.2-java/lib/neo4j-community/jars/neo4j-graph-matching-1.8.2.jar
     [loader.0] file:/Users/shanerogers/.rvm/gems/jruby-1.7.2/gems/neo4j-admin-0.2.0-java/lib/neo4j-admin/jars/jetty-6.1.25.jar
     [loader.0] file:/Users/shanerogers/.rvm/gems/jruby-1.7.2/gems/neo4j-admin-0.2.0-java/lib/neo4j-admin/jars/slf4j-jdk14-1.6.1.jar
     [loader.0] file:/Users/shanerogers/.rvm/gems/jruby-1.7.2/gems/neo4j-admin-0.2.0-java/lib/neo4j-admin/jars/neo4j-server-1.8.RC1-static-web.jar
     [loader.0] file:/Users/shanerogers/.rvm/gems/jruby-1.7.2/gems/neo4j-community-1.8.2-java/lib/neo4j-community/jars/neo4j-graph-algo-1.8.2.jar
     [loader.2] file:/System/Library/Java/JavaVirtualMachines/1.6.0.jdk/Contents/Home/lib/ext/dnsns.jar
     [loader.0] file:/Users/shanerogers/.rvm/gems/jruby-1.7.2/gems/neo4j-admin-0.2.0-java/lib/neo4j-admin/jars/commons-beanutils-core-1.8.0.jar
     [loader.0] file:/Users/shanerogers/.rvm/gems/jruby-1.7.2/gems/neo4j-admin-0.2.0-java/lib/neo4j-admin/jars/log4j-over-slf4j-1.6.1.jar
     [bootstrap] /System/Library/Java/JavaVirtualMachines/1.6.0.jdk/Contents/Classes/laf.jar
     [loader.2] file:/System/Library/Java/Extensions/libJ3D.jnilib
     [loader.0] file:/Users/shanerogers/.rvm/gems/jruby-1.7.2/gems/neo4j-admin-0.2.0-java/lib/neo4j-admin/jars/commons-collections-3.2.1.jar
     [loader.2] file:/System/Library/Java/Extensions/mlibwrapper_jai.jar
     [loader.0] file:/Users/shanerogers/.rvm/gems/jruby-1.7.2/gems/neo4j-admin-0.2.0-java/lib/neo4j-admin/jars/jersey-multipart-1.9.jar
     [bootstrap] /System/Library/Java/JavaVirtualMachines/1.6.0.jdk/Contents/Classes/classes.jar
     [loader.2] file:/System/Library/Java/JavaVirtualMachines/1.6.0.jdk/Contents/Home/lib/ext/localedata.jar
     [loader.2] file:/System/Library/Java/Extensions/QTJava.zip
     [loader.0] file:/Users/shanerogers/.rvm/gems/jruby-1.7.2/gems/neo4j-admin-0.2.0-java/lib/neo4j-admin/jars/stax-api-1.0.1.jar
     [loader.0] file:/Users/shanerogers/.rvm/gems/jruby-1.7.2/gems/neo4j-admin-0.2.0-java/lib/neo4j-admin/jars/rrd4j-2.0.7.jar
     [loader.0] file:/Users/shanerogers/.rvm/gems/jruby-1.7.2/gems/neo4j-admin-0.2.0-java/lib/neo4j-admin/jars/jettison-1.3.jar
     [loader.0] file:/Users/shanerogers/.rvm/gems/jruby-1.7.2/gems/neo4j-admin-0.2.0-java/lib/neo4j-admin/jars/jersey-core-1.9.jar
     [loader.0] file:/Users/shanerogers/.rvm/gems/jruby-1.7.2/gems/neo4j-community-1.8.2-java/lib/neo4j-community/jars/geronimo-jta_1.1_spec-1.1.1.jar
     [loader.0] file:/Users/shanerogers/.rvm/gems/jruby-1.7.2/gems/neo4j-admin-0.2.0-java/lib/neo4j-admin/jars/gremlin-java-1.5.jar
     [loader.0] file:/Users/shanerogers/.rvm/gems/jruby-1.7.2/gems/neo4j-community-1.8.2-java/lib/neo4j-community/jars/neo4j-jmx-1.8.2.jar
     [loader.2] file:/System/Library/Java/Extensions/libJ3DAudio.jnilib
     [loader.2] file:/System/Library/Java/Extensions/libAppleScriptEngine.jnilib
     [bootstrap] /System/Library/Java/JavaVirtualMachines/1.6.0.jdk/Contents/Classes/ui.jar
     [loader.0] file:/Users/shanerogers/.rvm/gems/jruby-1.7.2/gems/neo4j-community-1.8.2-java/lib/neo4j-community/jars/neo4j-cypher-1.8.2.jar
     [loader.2] file:/System/Library/Java/Extensions/j3daudio.jar
     [loader.0] file:/Users/shanerogers/.rvm/gems/jruby-1.7.2/gems/neo4j-admin-0.2.0-java/lib/neo4j-admin/jars/commons-configuration-1.6.jar
     [loader.0] file:/Users/shanerogers/.rvm/gems/jruby-1.7.2/gems/neo4j-admin-0.2.0-java/lib/neo4j-admin/jars/jackson-core-asl-1.8.3.jar
     [loader.0] file:/Users/shanerogers/.rvm/gems/jruby-1.7.2/gems/neo4j-community-1.8.2-java/lib/neo4j-community/jars/org.apache.servicemix.bundles.jline-0.9.94_1.jar
     [loader.2] file:/System/Library/Java/Extensions/libJ3DUtils.jnilib
     [loader.0] file:/Users/shanerogers/.rvm/gems/jruby-1.7.2/gems/json-1.8.0-java/lib/json/ext/parser.jar
     [loader.2] file:/System/Library/Java/Extensions/libQTJNative.jnilib
     [loader.2] file:/System/Library/Java/Extensions/j3dcore.jar
     [loader.0] file:/Users/shanerogers/.rvm/gems/jruby-1.7.2/gems/neo4j-admin-0.2.0-java/lib/neo4j-admin/jars/mimepull-1.6.jar
     [loader.0] file:/Users/shanerogers/.rvm/gems/jruby-1.7.2/gems/neo4j-admin-0.2.0-java/lib/neo4j-admin/jars/antlr-2.7.7.jar
     [loader.0] file:/Users/shanerogers/.rvm/gems/jruby-1.7.2@global/gems/bouncy-castle-java-1.5.0147/lib/bcprov-jdk15on-147.jar
     [bootstrap] /Users/shanerogers/.rvm/rubies/jruby-1.7.2/lib/jruby.jar
     [loader.0] file:/Users/shanerogers/.rvm/gems/jruby-1.7.2/gems/neo4j-admin-0.2.0-java/lib/neo4j-admin/jars/asm-3.1.jar
     [loader.0] file:/Users/shanerogers/.rvm/gems/jruby-1.7.2/gems/neo4j-admin-0.2.0-java/lib/neo4j-admin/jars/commons-digester-1.8.1.jar
     [bootstrap] /System/Library/Java/JavaVirtualMachines/1.6.0.jdk/Contents/Classes/sunrsasign.jar
     [loader.0] file:/Users/shanerogers/.rvm/gems/jruby-1.7.2/gems/neo4j-admin-0.2.0-java/lib/neo4j-admin/jars/asm-tree-3.2.jar
     [loader.0] file:/Users/shanerogers/.rvm/gems/jruby-1.7.2/gems/neo4j-admin-0.2.0-java/lib/neo4j-admin/jars/slf4j-api-1.6.2.jar
     [loader.0] file:/Users/shanerogers/.rvm/gems/jruby-1.7.2/gems/neo4j-admin-0.2.0-java/lib/neo4j-admin/jars/jcl-over-slf4j-1.6.1.jar
     [loader.2] file:/System/Library/Java/Extensions/j3dutils.jar
     [loader.0] file:/Users/shanerogers/.rvm/gems/jruby-1.7.2/gems/neo4j-admin-0.2.0-java/lib/neo4j-admin/jars/gremlin-groovy-1.5.jar
     [loader.0] file:/Users/shanerogers/.rvm/gems/jruby-1.7.2@global/gems/bouncy-castle-java-1.5.0147/lib/bcpkix-jdk15on-147.jar
     [loader.2] file:/System/Library/Java/Extensions/jai_core.jar
     [loader.0] file:/Users/shanerogers/.rvm/gems/jruby-1.7.2/gems/neo4j-admin-0.2.0-java/lib/neo4j-admin/jars/servlet-api-2.5-20081211.jar
     [loader.0] file:/Users/shanerogers/.rvm/gems/jruby-1.7.2/gems/neo4j-admin-0.2.0-java/lib/neo4j-admin/jars/commons-logging-1.1.1.jar
     [loader.0] file:/Users/shanerogers/.rvm/gems/jruby-1.7.2/gems/neo4j-admin-0.2.0-java/lib/neo4j-admin/jars/jersey-server-1.9.jar
     [loader.0] file:/Users/shanerogers/.rvm/gems/jruby-1.7.2/gems/neo4j-admin-0.2.0-java/lib/neo4j-admin/jars/asm-util-3.2.jar
     [loader.0] file:/Users/shanerogers/.rvm/gems/jruby-1.7.2/gems/neo4j-admin-0.2.0-java/lib/neo4j-admin/jars/blueprints-core-1.2.jar
     [loader.2] file:/System/Library/Java/Extensions/jai_codec.jar
     [loader.0] file:/Users/shanerogers/.rvm/gems/jruby-1.7.2/gems/neo4j-admin-0.2.0-java/lib/neo4j-admin/jars/jsr311-api-1.1.2.r612.jar
     [classpath + loader.1] file:/Users/shanerogers/projects/social_visualisation/neo4j_test/neo_blog/
     [loader.0] file:/Users/shanerogers/.rvm/gems/jruby-1.7.2/gems/neo4j-community-1.8.2-java/lib/neo4j-community/jars/server-api-1.8.2.jar
     [loader.2] file:/System/Library/Java/JavaVirtualMachines/1.6.0.jdk/Contents/Home/lib/ext/sunjce_provider.jar
     [loader.0] file:/Users/shanerogers/.rvm/gems/jruby-1.7.2/gems/neo4j-admin-0.2.0-java/lib/neo4j-admin/jars/neo4j-server-1.8.RC1.jar
     [loader.0] file:/Users/shanerogers/.rvm/gems/jruby-1.7.2/gems/neo4j-admin-0.2.0-java/lib/neo4j-admin/jars/jackson-mapper-asl-1.9.7.jar
     [loader.0] file:/Users/shanerogers/.rvm/gems/jruby-1.7.2/gems/neo4j-admin-0.2.0-java/lib/neo4j-admin/jars/asm-analysis-3.2.jar
     [loader.0] file:/Users/shanerogers/.rvm/gems/jruby-1.7.2/gems/neo4j-admin-0.2.0-java/lib/neo4j-admin/jars/bcprov-jdk16-140.jar
     [loader.0] file:/Users/shanerogers/.rvm/gems/jruby-1.7.2/gems/neo4j-admin-0.2.0-java/lib/neo4j-admin/jars/asm-commons-3.2.jar
     [loader.0] file:/Users/shanerogers/.rvm/gems/jruby-1.7.2/gems/jruby-openssl-0.7.7/lib/shared/jopenssl.jar
     [loader.0] file:/Users/shanerogers/.rvm/gems/jruby-1.7.2/gems/neo4j-community-1.8.2-java/lib/neo4j-community/jars/lucene-core-3.5.0.jar
     [loader.0] file:/Users/shanerogers/.rvm/gems/jruby-1.7.2/gems/therubyrhino_jar-1.7.4/jar/rhino-1.7R4.jar
     [bootstrap] /System/Library/Java/JavaVirtualMachines/1.6.0.jdk/Contents/Home/lib/jce.jar
     [bootstrap] /System/Library/Java/JavaVirtualMachines/1.6.0.jdk/Contents/Classes/jsse.jar
     [loader.0] file:/Users/shanerogers/.rvm/gems/jruby-1.7.2/gems/neo4j-admin-0.2.0-java/lib/neo4j-admin/jars/groovy-1.8.5.jar
     [loader.0] file:/Users/shanerogers/.rvm/gems/jruby-1.7.2/gems/neo4j-admin-0.2.0-java/lib/neo4j-admin/jars/commons-beanutils-1.8.0.jar
     [loader.0] file:/Users/shanerogers/.rvm/gems/jruby-1.7.2/gems/neo4j-core-2.2.4-java/lib/neo4j-core/jars/neo4jrb-adaptor.jar
     [loader.2] file:/System/Library/Java/Extensions/AppleScriptEngine.jar
     [loader.0] file:/Users/shanerogers/.rvm/gems/jruby-1.7.2/gems/neo4j-admin-0.2.0-java/lib/neo4j-admin/jars/blueprints-neo4j-graph-1.2.jar
     [loader.2] file:/System/Library/Java/JavaVirtualMachines/1.6.0.jdk/Contents/Home/lib/ext/apple_provider.jar
     [bootstrap] /System/Library/Java/JavaVirtualMachines/1.6.0.jdk/Contents/Classes/jsfd.jar
     [loader.0] file:/Users/shanerogers/.rvm/gems/jruby-1.7.2/gems/neo4j-community-1.8.2-java/lib/neo4j-community/jars/neo4j-udc-1.8.2.jar
     [loader.0] file:/Users/shanerogers/.rvm/gems/jruby-1.7.2/gems/neo4j-admin-0.2.0-java/lib/neo4j-admin/jars/commons-lang-2.4.jar
     [loader.2] file:/System/Library/Java/JavaVirtualMachines/1.6.0.jdk/Contents/Home/lib/ext/sunpkcs11.jar
     [loader.0] file:/Users/shanerogers/.rvm/gems/jruby-1.7.2/gems/neo4j-admin-0.2.0-java/lib/neo4j-admin/jars/jansi-1.5.jar
2013-05-31 02:04:52.492+0000: Library path:
    /Users/shanerogers/projects/social_visualisation/neo4j_test/neo_blog
    /Library/Java/Extensions
    /System/Library/Java/Extensions
    /usr/lib/java
2013-05-31 02:04:52.493+0000: System.properties:
    jruby.home = /Users/shanerogers/.rvm/rubies/jruby-1.7.2
    sun.boot.library.path = /System/Library/Java/JavaVirtualMachines/1.6.0.jdk/Contents/Libraries
    awt.nativeDoubleBuffering = true
    gopherProxySet = false
    mrj.build = 11M4406
    path.separator = :
    file.encoding.pkg = sun.io
    sun.java.launcher = SUN_STANDARD
    user.country = US
    sun.os.patch.level = unknown
    user.dir = /Users/shanerogers/projects/social_visualisation/neo4j_test/neo_blog
    neo4j.ext.udc.source = neo4rb
    jdk.home = 
    sun.jnu.encoding = MacRoman
    sun.management.compiler = HotSpot 64-Bit Tiered Compilers
    http.nonProxyHosts = local|*.local|169.254/16|*.169.254/16
    jffi.boot.library.path = /Users/shanerogers/.rvm/rubies/jruby-1.7.2/lib/native:/Users/shanerogers/.rvm/rubies/jruby-1.7.2/lib/native/Darwin
    user.home = /Users/shanerogers
    user.timezone = America/Denver
    file.encoding = UTF-8
    jruby.script = jruby
    user.name = shanerogers
    jruby.shell = /bin/sh
    sun.java.command = org/jruby/Main script/rails s
    sun.arch.data.model = 64
    user.language = en
    awt.toolkit = apple.awt.CToolkit
    file.separator = /
    sun.io.unicode.encoding = UnicodeLittle
    sun.cpu.endian = little
    mrj.version = 1070.1.6.0_45-451
    socksNonProxyHosts = local|*.local|169.254/16|*.169.254/16
    ftp.nonProxyHosts = local|*.local|169.254/16|*.169.254/16
    sun.cpu.isalist = 
2013-05-31 02:04:52.493+0000: Network information:
    Interface en0:
        address: fe80:0:0:0:7ed1:c3ff:fee1:c94f%4
        address: 10.19.1.30
    Interface lo0:
        address: 0:0:0:0:0:0:0:1
        address: fe80:0:0:0:0:0:0:1%1
        address: 127.0.0.1
2013-05-31 02:04:52.495+0000: --- STARTUP diagnostics END ---
2013-05-31 02:04:52.503+0000: Recovery completed, all transactions have been resolved to a consistent state.
2013-05-31 02:04:52.607+0000: Extension org.neo4j.kernel.KernelExtension[kernel jmx] loaded ok
2013-05-31 02:04:52.611+0000: Extension org.neo4j.kernel.KernelExtension[kernel udc] loaded ok
2013-05-31 02:04:52.612+0000: Extension org.neo4j.kernel.KernelExtension[shell] loaded ok
2013-05-31 02:04:52.616+0000: --- STARTUP diagnostics for KernelDiagnostics:Versions START ---
2013-05-31 02:04:52.616+0000: Graph Database: org.neo4j.kernel.EmbeddedGraphDatabase StoreId[time:1369964731467, id:-8306731784943516119, store version: 13561656364791302]
2013-05-31 02:04:52.616+0000: Kernel version: Neo4j - Graph Database Kernel 1.8.2
2013-05-31 02:04:52.616+0000: Neo4j component versions:
2013-05-31 02:04:52.617+0000:   Neo4j - Graph Database Kernel 1.8.2
2013-05-31 02:04:52.617+0000: --- STARTUP diagnostics for KernelDiagnostics:Versions END ---
2013-05-31 02:04:52.620+0000: --- STARTUP diagnostics for NEO_STORE_VERSIONS START ---
2013-05-31 02:04:52.620+0000: Store versions:
    Store versions:
      NeoStore v0.A.0
      NodeStore v0.A.0
      RelationshipStore v0.A.0
      RelationshipTypeStore v0.A.0
      PropertyStore v0.A.0
      PropertyIndexStore v0.A.0
      StringPropertyStore v0.A.0
      ArrayPropertyStore v0.A.0
2013-05-31 02:04:52.621+0000: --- STARTUP diagnostics for NEO_STORE_VERSIONS END ---
2013-05-31 02:04:52.621+0000: --- STARTUP diagnostics for NEO_STORE_ID_USAGE START ---
2013-05-31 02:04:52.621+0000: Id usage:
    Id usage:
      NodeStore: used=5 high=4
      RelationshipStore: used=4 high=3
      RelationshipTypeStore: used=3 high=2
      PropertyStore: used=6 high=5
      PropertyIndexStore: used=5 high=4
      StringPropertyStore: used=5 high=4
      ArrayPropertyStore: used=1 high=0
2013-05-31 02:04:52.621+0000: --- STARTUP diagnostics for NEO_STORE_ID_USAGE END ---
2013-05-31 02:04:52.621+0000: --- STARTUP diagnostics for PERSISTENCE_WINDOW_POOL_STATS START ---
2013-05-31 02:04:52.621+0000: --- STARTUP diagnostics for PERSISTENCE_WINDOW_POOL_STATS END ---
2013-05-31 02:04:52.622+0000: --- STARTUP diagnostics for KernelDiagnostics:StoreFiles START ---
2013-05-31 02:04:52.622+0000: Disk space on partition (Total / Free / Free %): 120473067520 / 46195765248 / 61
Storage files: (filename : modification date - size)
      active_tx_log: 2013-05-30T19:45:31-0600 - 11.00 B
      index:
        lucene-store.db: 2013-05-30T19:53:25-0600 - 40.00 B
        lucene.log.1: 2013-05-30T20:04:52-0600 - 16.00 B
        lucene.log.active: 2013-05-30T20:04:52-0600 - 4.00 B
        lucene.log.v0: 2013-05-30T19:53:25-0600 - 16.00 B
      - Total: 2013-05-30T20:04:52-0600 - 76.00 B
      lock: 2013-05-30T20:04:52-0600 - 0.00 B
      messages.log: 2013-05-30T20:04:52-0600 - 48.71 kB
      neostore: 2013-05-30T20:04:52-0600 - 54.00 B
      neostore.id: 2013-05-30T20:04:52-0600 - 9.00 B
      neostore.nodestore.db: 2013-05-30T20:04:52-0600 - 45.00 B
      neostore.nodestore.db.id: 2013-05-30T20:04:52-0600 - 9.00 B
      neostore.propertystore.db: 2013-05-30T20:04:52-0600 - 246.00 B
      neostore.propertystore.db.arrays: 2013-05-30T20:04:52-0600 - 128.00 B
      neostore.propertystore.db.arrays.id: 2013-05-30T20:04:52-0600 - 9.00 B
      neostore.propertystore.db.id: 2013-05-30T20:04:52-0600 - 9.00 B
      neostore.propertystore.db.index: 2013-05-30T20:04:52-0600 - 1.02 kB
      neostore.propertystore.db.index.id: 2013-05-30T20:04:52-0600 - 9.00 B
      neostore.propertystore.db.index.keys: 2013-05-30T20:04:52-0600 - 1.00 kB
      neostore.propertystore.db.index.keys.id: 2013-05-30T20:04:52-0600 - 9.00 B
      neostore.propertystore.db.strings: 2013-05-30T20:04:52-0600 - 640.00 B
      neostore.propertystore.db.strings.id: 2013-05-30T20:04:52-0600 - 9.00 B
      neostore.relationshipstore.db: 2013-05-30T20:04:52-0600 - 132.00 B
      neostore.relationshipstore.db.id: 2013-05-30T20:04:52-0600 - 9.00 B
      neostore.relationshiptypestore.db: 2013-05-30T20:04:52-0600 - 15.00 B
      neostore.relationshiptypestore.db.id: 2013-05-30T20:04:52-0600 - 9.00 B
      neostore.relationshiptypestore.db.names: 2013-05-30T20:04:52-0600 - 152.00 B
      neostore.relationshiptypestore.db.names.id: 2013-05-30T20:04:52-0600 - 9.00 B
      nioneo_logical.log.1: 2013-05-30T20:04:52-0600 - 16.00 B
      nioneo_logical.log.active: 2013-05-30T20:04:52-0600 - 4.00 B
      nioneo_logical.log.v0: 2013-05-30T19:53:25-0600 - 2.49 kB
      store_lock: 2013-05-30T19:45:31-0600 - 0.00 B
      tm_tx_log.1: 2013-05-30T20:04:52-0600 - 0.00 B
2013-05-31 02:04:52.628+0000: --- STARTUP diagnostics for KernelDiagnostics:StoreFiles END ---
2013-05-31 02:04:52.629+0000: Started - database is now available
2013-05-31 02:04:52.631+0000: GC Monitor started. 
2013-05-31 02:04:52.814+0000: --- SERVER STARTUP START ---
2013-05-31 02:04:52.814+0000: --- STARTUP diagnostics for org.neo4j.server.configuration.Configurator START ---
2013-05-31 02:04:52.815+0000: Server configuration:
    org.neo4j.server.database.location = /Users/shanerogers/projects/social_visualisation/neo4j_test/neo_blog/db/neo4j-development
2013-05-31 02:04:52.815+0000: --- STARTUP diagnostics for org.neo4j.server.configuration.Configurator END ---
2013-05-31 02:04:52.857+0000: Mounted discovery module (org.neo4j.server.rest.discovery) at: /
2013-05-31 02:04:52.866+0000: Mounted REST API at: /db/data
2013-05-31 02:04:52.867+0000: Mounted management API at: /db/manage
2013-05-31 02:04:52.939+0000: Mounted webadmin at: /webadmin
2013-05-31 02:04:55.541+0000: --- SERVER STARTUP END ---
