2013-05-30 23:10:09,773 INFO  [neo4j.txmanager]: TM new log: tm_tx_log.1
2013-05-30 23:10:09,805 INFO  [neo4j.xafactory]: Opened logical log [/Users/shanerogers/projects/social_visualisation/neo4j_test/starter/neo4j/data/graph.db/index/lucene.log.1] version=0, lastTxId=1 (clean)
2013-05-30 23:10:09,808 DEBUG [neo4j.diagnostics]: --- STARTUP diagnostics START ---
2013-05-30 23:10:09,810 DEBUG [neo4j.diagnostics]: Neo4j Kernel properties:
2013-05-30 23:10:09,812 DEBUG [neo4j.diagnostics]: forced_kernel_id=
2013-05-30 23:10:09,812 DEBUG [neo4j.diagnostics]: read_only=false
2013-05-30 23:10:09,812 DEBUG [neo4j.diagnostics]: neo4j.ext.udc.host=udc.neo4j.org
2013-05-30 23:10:09,812 DEBUG [neo4j.diagnostics]: logical_log=nioneo_logical.log
2013-05-30 23:10:09,812 DEBUG [neo4j.diagnostics]: node_auto_indexing=false
2013-05-30 23:10:09,813 DEBUG [neo4j.diagnostics]: intercept_committing_transactions=false
2013-05-30 23:10:09,813 DEBUG [neo4j.diagnostics]: remote_shell_name=shell
2013-05-30 23:10:09,813 DEBUG [neo4j.diagnostics]: cache_type=soft
2013-05-30 23:10:09,813 DEBUG [neo4j.diagnostics]: intercept_deserialized_transactions=false
2013-05-30 23:10:09,813 DEBUG [neo4j.diagnostics]: lucene_searcher_cache_size=2147483647
2013-05-30 23:10:09,813 DEBUG [neo4j.diagnostics]: neo4j.ext.udc.interval=86400000
2013-05-30 23:10:09,813 DEBUG [neo4j.diagnostics]: use_memory_mapped_buffers=true
2013-05-30 23:10:09,813 DEBUG [neo4j.diagnostics]: rebuild_idgenerators_fast=true
2013-05-30 23:10:09,813 DEBUG [neo4j.diagnostics]: neostore.propertystore.db.index.keys.mapped_memory=1M
2013-05-30 23:10:09,813 DEBUG [neo4j.diagnostics]: neostore.propertystore.db.arrays.mapped_memory=319M
2013-05-30 23:10:09,813 DEBUG [neo4j.diagnostics]: neostore.propertystore.db.strings.mapped_memory=282M
2013-05-30 23:10:09,813 DEBUG [neo4j.diagnostics]: log_mapped_memory_stats_filename=mapped_memory_stats.log
2013-05-30 23:10:09,813 DEBUG [neo4j.diagnostics]: log_mapped_memory_stats_interval=1000000
2013-05-30 23:10:09,813 DEBUG [neo4j.diagnostics]: gcr_cache_min_log_interval=60s
2013-05-30 23:10:09,813 DEBUG [neo4j.diagnostics]: relationship_grab_size=100
2013-05-30 23:10:09,813 DEBUG [neo4j.diagnostics]: relationship_auto_indexing=false
2013-05-30 23:10:09,813 DEBUG [neo4j.diagnostics]: remote_shell_read_only=false
2013-05-30 23:10:09,814 DEBUG [neo4j.diagnostics]: node_cache_array_fraction=1.0
2013-05-30 23:10:09,814 DEBUG [neo4j.diagnostics]: allow_store_upgrade=false
2013-05-30 23:10:09,814 DEBUG [neo4j.diagnostics]: execution_guard_enabled=false
2013-05-30 23:10:09,814 DEBUG [neo4j.diagnostics]: relationship_cache_array_fraction=1.0
2013-05-30 23:10:09,814 DEBUG [neo4j.diagnostics]: store_dir=data/graph.db
2013-05-30 23:10:09,814 DEBUG [neo4j.diagnostics]: remote_logging_host=127.0.0.1
2013-05-30 23:10:09,814 DEBUG [neo4j.diagnostics]: online_backup_enabled=false
2013-05-30 23:10:09,814 DEBUG [neo4j.diagnostics]: remote_logging_port=4560
2013-05-30 23:10:09,814 DEBUG [neo4j.diagnostics]: gc_monitor_threshold=200ms
2013-05-30 23:10:09,814 DEBUG [neo4j.diagnostics]: array_block_size=120
2013-05-30 23:10:09,814 DEBUG [neo4j.diagnostics]: load_kernel_extensions=true
2013-05-30 23:10:09,814 DEBUG [neo4j.diagnostics]: neostore.relationshipstore.db.mapped_memory=406M
2013-05-30 23:10:09,814 DEBUG [neo4j.diagnostics]: keep_logical_logs=true
2013-05-30 23:10:09,814 DEBUG [neo4j.diagnostics]: dump_configuration=false
2013-05-30 23:10:09,814 DEBUG [neo4j.diagnostics]: gc_monitor_wait_time=100ms
2013-05-30 23:10:09,815 DEBUG [neo4j.diagnostics]: neostore.nodestore.db.mapped_memory=92M
2013-05-30 23:10:09,815 DEBUG [neo4j.diagnostics]: neo4j.ext.udc.first_delay=600000
2013-05-30 23:10:09,815 DEBUG [neo4j.diagnostics]: remote_shell_enabled=true
2013-05-30 23:10:09,815 DEBUG [neo4j.diagnostics]: neo4j.ext.udc.reg=unreg
2013-05-30 23:10:09,815 DEBUG [neo4j.diagnostics]: remote_shell_port=1337
2013-05-30 23:10:09,815 DEBUG [neo4j.diagnostics]: ephemeral=false
2013-05-30 23:10:09,815 DEBUG [neo4j.diagnostics]: log_mapped_memory_stats=false
2013-05-30 23:10:09,815 DEBUG [neo4j.diagnostics]: neo_store=neostore
2013-05-30 23:10:09,815 DEBUG [neo4j.diagnostics]: mapped_memory_page_size=1M
2013-05-30 23:10:09,815 DEBUG [neo4j.diagnostics]: query_cache_size=100
2013-05-30 23:10:09,815 DEBUG [neo4j.diagnostics]: logging.threshold_for_rotation=104857600
2013-05-30 23:10:09,815 DEBUG [neo4j.diagnostics]: neostore.propertystore.db.index.mapped_memory=1M
2013-05-30 23:10:09,815 DEBUG [neo4j.diagnostics]: backup_slave=false
2013-05-30 23:10:09,815 DEBUG [neo4j.diagnostics]: neostore.propertystore.db.mapped_memory=331M
2013-05-30 23:10:09,815 DEBUG [neo4j.diagnostics]: string_block_size=120
2013-05-30 23:10:09,815 DEBUG [neo4j.diagnostics]: grab_file_lock=true
2013-05-30 23:10:09,815 DEBUG [neo4j.diagnostics]: remote_logging_enabled=false
2013-05-30 23:10:09,815 DEBUG [neo4j.diagnostics]: neo4j.ext.udc.enabled=true
2013-05-30 23:10:09,815 DEBUG [neo4j.diagnostics]: all_stores_total_mapped_memory_size=500M
2013-05-30 23:10:09,816 DEBUG [neo4j.diagnostics]: online_backup_port=6362
2013-05-30 23:10:09,816 DEBUG [neo4j.diagnostics]: neo4j.ext.udc.source=server
2013-05-30 23:10:09,817 DEBUG [neo4j.diagnostics]: Diagnostics providers:
2013-05-30 23:10:09,817 DEBUG [neo4j.diagnostics]: org.neo4j.kernel.configuration.Config
2013-05-30 23:10:09,817 DEBUG [neo4j.diagnostics]: org.neo4j.kernel.info.DiagnosticsManager
2013-05-30 23:10:09,817 DEBUG [neo4j.diagnostics]: SYSTEM_MEMORY
2013-05-30 23:10:09,817 DEBUG [neo4j.diagnostics]: JAVA_MEMORY
2013-05-30 23:10:09,817 DEBUG [neo4j.diagnostics]: OPERATING_SYSTEM
2013-05-30 23:10:09,817 DEBUG [neo4j.diagnostics]: JAVA_VIRTUAL_MACHINE
2013-05-30 23:10:09,817 DEBUG [neo4j.diagnostics]: CLASSPATH
2013-05-30 23:10:09,817 DEBUG [neo4j.diagnostics]: LIBRARY_PATH
2013-05-30 23:10:09,817 DEBUG [neo4j.diagnostics]: SYSTEM_PROPERTIES
2013-05-30 23:10:09,817 DEBUG [neo4j.diagnostics]: NETWORK
2013-05-30 23:10:09,817 DEBUG [neo4j.diagnostics]: System memory information:
2013-05-30 23:10:09,831 DEBUG [neo4j.diagnostics]: Total Physical memory: 4.00 GB
2013-05-30 23:10:09,832 DEBUG [neo4j.diagnostics]: Free Physical memory: 911.57 MB
2013-05-30 23:10:09,834 DEBUG [neo4j.diagnostics]: Committed virtual memory: 3.56 GB
2013-05-30 23:10:09,835 DEBUG [neo4j.diagnostics]: Total swap space: 64.00 MB
2013-05-30 23:10:09,837 DEBUG [neo4j.diagnostics]: Free swap space: 64.00 MB
2013-05-30 23:10:09,837 DEBUG [neo4j.diagnostics]: JVM memory information:
2013-05-30 23:10:09,838 DEBUG [neo4j.diagnostics]: Free  memory: 56.94 MB
2013-05-30 23:10:09,838 DEBUG [neo4j.diagnostics]: Total memory: 60.44 MB
2013-05-30 23:10:09,838 DEBUG [neo4j.diagnostics]: Max   memory: 910.25 MB
2013-05-30 23:10:09,843 DEBUG [neo4j.diagnostics]: Garbage Collector: PS Scavenge: [PS Eden Space, PS Survivor Space]
2013-05-30 23:10:09,843 DEBUG [neo4j.diagnostics]: Garbage Collector: PS MarkSweep: [PS Eden Space, PS Survivor Space, PS Old Gen, PS Perm Gen]
2013-05-30 23:10:09,845 DEBUG [neo4j.diagnostics]: Memory Pool: Code Cache (Non-heap memory): committed=2.44 MB, used=636.69 kB, max=48.00 MB, threshold=0.00 B
2013-05-30 23:10:09,846 DEBUG [neo4j.diagnostics]: Memory Pool: PS Eden Space (Heap memory): committed=16.06 MB, used=1.83 MB, max=337.00 MB, threshold=?
2013-05-30 23:10:09,846 DEBUG [neo4j.diagnostics]: Memory Pool: PS Survivor Space (Heap memory): committed=1.69 MB, used=1.67 MB, max=1.69 MB, threshold=?
2013-05-30 23:10:09,847 DEBUG [neo4j.diagnostics]: Memory Pool: PS Old Gen (Heap memory): committed=42.69 MB, used=0.00 B, max=682.69 MB, threshold=0.00 B
2013-05-30 23:10:09,848 DEBUG [neo4j.diagnostics]: Memory Pool: PS Perm Gen (Non-heap memory): committed=20.75 MB, used=14.65 MB, max=82.00 MB, threshold=0.00 B
2013-05-30 23:10:09,848 DEBUG [neo4j.diagnostics]: Operating system information:
2013-05-30 23:10:09,850 DEBUG [neo4j.diagnostics]: Operating System: Mac OS X; version: 10.8.3; arch: x86_64; cpus: 4
2013-05-30 23:10:09,852 DEBUG [neo4j.diagnostics]: Max number of file descriptors: 10240
2013-05-30 23:10:09,854 DEBUG [neo4j.diagnostics]: Number of open file descriptors: 117
2013-05-30 23:10:09,855 DEBUG [neo4j.diagnostics]: Process id: 627@Shanes-MacBook-Air.local
2013-05-30 23:10:09,855 DEBUG [neo4j.diagnostics]: Byte order: LITTLE_ENDIAN
2013-05-30 23:10:09,855 DEBUG [neo4j.diagnostics]: Local timezone: America/Denver
2013-05-30 23:10:09,855 DEBUG [neo4j.diagnostics]: JVM information:
2013-05-30 23:10:09,855 DEBUG [neo4j.diagnostics]: VM Name: Java HotSpot(TM) 64-Bit Server VM
2013-05-30 23:10:09,855 DEBUG [neo4j.diagnostics]: VM Vendor: Apple Inc.
2013-05-30 23:10:09,855 DEBUG [neo4j.diagnostics]: VM Version: 20.45-b01-451
2013-05-30 23:10:09,856 DEBUG [neo4j.diagnostics]: JIT compiler: HotSpot 64-Bit Tiered Compilers
2013-05-30 23:10:09,857 DEBUG [neo4j.diagnostics]: VM Arguments: [-Xserver, -XX:+DisableExplicitGC, -Dorg.neo4j.server.properties=conf/neo4j-server.properties, -Djava.util.logging.config.file=conf/logging.properties, -Dfile.encoding=UTF-8, -Dlog4j.configuration=file:conf/log4j.properties, -Dorg.neo4j.server.properties=/Users/shanerogers/projects/social_visualisation/neo4j_test/starter/neo4j/conf/neo4j-server.properties, -Djava.util.logging.config.file=/Users/shanerogers/projects/social_visualisation/neo4j_test/starter/neo4j/conf/logging.properties, -Dneo4j.home=/Users/shanerogers/projects/social_visualisation/neo4j_test/starter/neo4j, -Dneo4j.instance=/Users/shanerogers/projects/social_visualisation/neo4j_test/starter/neo4j]
2013-05-30 23:10:09,857 DEBUG [neo4j.diagnostics]: Java classpath:
2013-05-30 23:10:09,867 DEBUG [neo4j.diagnostics]:  [classpath + loader.0] file:/Users/shanerogers/projects/social_visualisation/neo4j_test/starter/neo4j/system/lib/asm-analysis-3.2.jar
2013-05-30 23:10:09,867 DEBUG [neo4j.diagnostics]:  [bootstrap] /System/Library/Java/JavaVirtualMachines/1.6.0.jdk/Contents/Classes/charsets.jar
2013-05-30 23:10:09,867 DEBUG [neo4j.diagnostics]:  [classpath + loader.0] file:/Users/shanerogers/projects/social_visualisation/neo4j_test/starter/neo4j/system/lib/logback-access-0.9.30.jar
2013-05-30 23:10:09,867 DEBUG [neo4j.diagnostics]:  [loader.1] file:/System/Library/Java/Extensions/dns_sd.jar
2013-05-30 23:10:09,867 DEBUG [neo4j.diagnostics]:  [bootstrap] /System/Library/Frameworks/JavaVM.framework/Versions/A/Frameworks/JavaRuntimeSupport.framework/Versions/A/Resources/Java/JavaRuntimeSupport.jar
2013-05-30 23:10:09,867 DEBUG [neo4j.diagnostics]:  [loader.1] file:/System/Library/Java/Extensions/MRJToolkit.jar
2013-05-30 23:10:09,867 DEBUG [neo4j.diagnostics]:  [classpath + loader.0] file:/Users/shanerogers/projects/social_visualisation/neo4j_test/starter/neo4j/system/lib/janino-2.5.10.jar
2013-05-30 23:10:09,867 DEBUG [neo4j.diagnostics]:  [classpath + loader.0] file:/Users/shanerogers/projects/social_visualisation/neo4j_test/starter/neo4j/system/lib/commons-io-1.4.jar
2013-05-30 23:10:09,867 DEBUG [neo4j.diagnostics]:  [loader.1] file:/System/Library/Java/Extensions/vecmath.jar
2013-05-30 23:10:09,867 DEBUG [neo4j.diagnostics]:  [loader.1] file:/System/Library/Java/Extensions/libmlib_jai.jnilib
2013-05-30 23:10:09,867 DEBUG [neo4j.diagnostics]:  [classpath + loader.0] file:/Users/shanerogers/projects/social_visualisation/neo4j_test/starter/neo4j/system/lib/neo4j-server-1.8.2.jar
2013-05-30 23:10:09,867 DEBUG [neo4j.diagnostics]:  [classpath + loader.0] file:/Users/shanerogers/projects/social_visualisation/neo4j_test/starter/neo4j/system/lib/logback-classic-0.9.30.jar
2013-05-30 23:10:09,867 DEBUG [neo4j.diagnostics]:  [classpath + loader.0] file:/Users/shanerogers/projects/social_visualisation/neo4j_test/starter/neo4j/system/lib/blueprints-core-1.2.jar
2013-05-30 23:10:09,867 DEBUG [neo4j.diagnostics]:  [classpath + loader.0] file:/Users/shanerogers/projects/social_visualisation/neo4j_test/starter/neo4j/lib/neo4j-lucene-index-1.8.2.jar
2013-05-30 23:10:09,867 DEBUG [neo4j.diagnostics]:  [classpath + loader.0] file:/Users/shanerogers/projects/social_visualisation/neo4j_test/starter/neo4j/system/lib/jettison-1.3.jar
2013-05-30 23:10:09,867 DEBUG [neo4j.diagnostics]:  [classpath + loader.0] file:/Users/shanerogers/projects/social_visualisation/neo4j_test/starter/neo4j/system/lib/jetty-util-6.1.25.jar
2013-05-30 23:10:09,867 DEBUG [neo4j.diagnostics]:  [loader.1] file:/System/Library/Java/JavaVirtualMachines/1.6.0.jdk/Contents/Home/lib/ext/dnsns.jar
2013-05-30 23:10:09,867 DEBUG [neo4j.diagnostics]:  [classpath + loader.0] file:/Users/shanerogers/projects/social_visualisation/neo4j_test/starter/neo4j/system/lib/commons-logging-1.1.1.jar
2013-05-30 23:10:09,868 DEBUG [neo4j.diagnostics]:  [classpath + loader.0] file:/Users/shanerogers/projects/social_visualisation/neo4j_test/starter/neo4j/system/lib/jersey-core-1.9.jar
2013-05-30 23:10:09,868 DEBUG [neo4j.diagnostics]:  [bootstrap] /System/Library/Java/JavaVirtualMachines/1.6.0.jdk/Contents/Classes/laf.jar
2013-05-30 23:10:09,868 DEBUG [neo4j.diagnostics]:  [loader.1] file:/System/Library/Java/Extensions/libJ3D.jnilib
2013-05-30 23:10:09,868 DEBUG [neo4j.diagnostics]:  [classpath + loader.0] file:/Users/shanerogers/projects/social_visualisation/neo4j_test/starter/neo4j/system/lib/stax-api-1.0.1.jar
2013-05-30 23:10:09,868 DEBUG [neo4j.diagnostics]:  [loader.1] file:/System/Library/Java/Extensions/mlibwrapper_jai.jar
2013-05-30 23:10:09,868 DEBUG [neo4j.diagnostics]:  [classpath + loader.0] file:/Users/shanerogers/projects/social_visualisation/neo4j_test/starter/neo4j/system/lib/commons-lang-2.4.jar
2013-05-30 23:10:09,868 DEBUG [neo4j.diagnostics]:  [bootstrap] /System/Library/Java/JavaVirtualMachines/1.6.0.jdk/Contents/Classes/classes.jar
2013-05-30 23:10:09,868 DEBUG [neo4j.diagnostics]:  [loader.1] file:/System/Library/Java/JavaVirtualMachines/1.6.0.jdk/Contents/Home/lib/ext/localedata.jar
2013-05-30 23:10:09,868 DEBUG [neo4j.diagnostics]:  [classpath + loader.0] file:/Users/shanerogers/projects/social_visualisation/neo4j_test/starter/neo4j/system/lib/servlet-api-2.5-20081211.jar
2013-05-30 23:10:09,868 DEBUG [neo4j.diagnostics]:  [classpath + loader.0] file:/Users/shanerogers/projects/social_visualisation/neo4j_test/starter/neo4j/system/lib/jackson-jaxrs-1.9.7.jar
2013-05-30 23:10:09,868 DEBUG [neo4j.diagnostics]:  [loader.1] file:/System/Library/Java/Extensions/QTJava.zip
2013-05-30 23:10:09,868 DEBUG [neo4j.diagnostics]:  [loader.1] file:/System/Library/Java/Extensions/libJ3DAudio.jnilib
2013-05-30 23:10:09,868 DEBUG [neo4j.diagnostics]:  [loader.1] file:/System/Library/Java/Extensions/libAppleScriptEngine.jnilib
2013-05-30 23:10:09,868 DEBUG [neo4j.diagnostics]:  [classpath + loader.0] file:/Users/shanerogers/projects/social_visualisation/neo4j_test/starter/neo4j/lib/neo4j-kernel-1.8.2.jar
2013-05-30 23:10:09,868 DEBUG [neo4j.diagnostics]:  [bootstrap] /System/Library/Java/JavaVirtualMachines/1.6.0.jdk/Contents/Classes/ui.jar
2013-05-30 23:10:09,868 DEBUG [neo4j.diagnostics]:  [classpath + loader.0] file:/Users/shanerogers/projects/social_visualisation/neo4j_test/starter/neo4j/lib/neo4j-cypher-1.8.2.jar
2013-05-30 23:10:09,868 DEBUG [neo4j.diagnostics]:  [loader.1] file:/System/Library/Java/Extensions/j3daudio.jar
2013-05-30 23:10:09,868 DEBUG [neo4j.diagnostics]:  [loader.1] file:/System/Library/Java/Extensions/libJ3DUtils.jnilib
2013-05-30 23:10:09,868 DEBUG [neo4j.diagnostics]:  [classpath + loader.0] file:/Users/shanerogers/projects/social_visualisation/neo4j_test/starter/neo4j/system/lib/rrd4j-2.0.7.jar
2013-05-30 23:10:09,868 DEBUG [neo4j.diagnostics]:  [loader.1] file:/System/Library/Java/Extensions/libQTJNative.jnilib
2013-05-30 23:10:09,868 DEBUG [neo4j.diagnostics]:  [loader.1] file:/System/Library/Java/Extensions/j3dcore.jar
2013-05-30 23:10:09,868 DEBUG [neo4j.diagnostics]:  [classpath + loader.0] file:/Users/shanerogers/projects/social_visualisation/neo4j_test/starter/neo4j/system/lib/bcprov-jdk16-140.jar
2013-05-30 23:10:09,868 DEBUG [neo4j.diagnostics]:  [classpath + loader.0] file:/Users/shanerogers/projects/social_visualisation/neo4j_test/starter/neo4j/lib/server-api-1.8.2.jar
2013-05-30 23:10:09,868 DEBUG [neo4j.diagnostics]:  [classpath + loader.0] file:/Users/shanerogers/projects/social_visualisation/neo4j_test/starter/neo4j/lib/geronimo-jta_1.1_spec-1.1.1.jar
2013-05-30 23:10:09,869 DEBUG [neo4j.diagnostics]:  [classpath + loader.0] file:/Users/shanerogers/projects/social_visualisation/neo4j_test/starter/neo4j/system/lib/commons-beanutils-core-1.8.0.jar
2013-05-30 23:10:09,869 DEBUG [neo4j.diagnostics]:  [bootstrap] /System/Library/Java/JavaVirtualMachines/1.6.0.jdk/Contents/Classes/sunrsasign.jar
2013-05-30 23:10:09,869 DEBUG [neo4j.diagnostics]:  [classpath + loader.0] file:/Users/shanerogers/projects/social_visualisation/neo4j_test/starter/neo4j/system/lib/jcl-over-slf4j-1.6.1.jar
2013-05-30 23:10:09,869 DEBUG [neo4j.diagnostics]:  [classpath + loader.0] file:/Users/shanerogers/projects/social_visualisation/neo4j_test/starter/neo4j/system/lib/gremlin-java-1.5.jar
2013-05-30 23:10:09,869 DEBUG [neo4j.diagnostics]:  [classpath + loader.0] file:/Users/shanerogers/projects/social_visualisation/neo4j_test/starter/neo4j/system/lib/jansi-1.5.jar
2013-05-30 23:10:09,869 DEBUG [neo4j.diagnostics]:  [classpath + loader.0] file:/Users/shanerogers/projects/social_visualisation/neo4j_test/starter/neo4j/system/lib/groovy-1.8.5.jar
2013-05-30 23:10:09,869 DEBUG [neo4j.diagnostics]:  [classpath + loader.0] file:/Users/shanerogers/projects/social_visualisation/neo4j_test/starter/neo4j/lib/concurrentlinkedhashmap-lru-1.3.1.jar
2013-05-30 23:10:09,869 DEBUG [neo4j.diagnostics]:  [loader.1] file:/System/Library/Java/Extensions/j3dutils.jar
2013-05-30 23:10:09,869 DEBUG [neo4j.diagnostics]:  [loader.1] file:/System/Library/Java/Extensions/jai_core.jar
2013-05-30 23:10:09,869 DEBUG [neo4j.diagnostics]:  [classpath + loader.0] file:/Users/shanerogers/projects/social_visualisation/neo4j_test/starter/neo4j/system/lib/asm-commons-3.2.jar
2013-05-30 23:10:09,869 DEBUG [neo4j.diagnostics]:  [classpath + loader.0] file:/Users/shanerogers/projects/social_visualisation/neo4j_test/starter/neo4j/system/lib/antlr-2.7.7.jar
2013-05-30 23:10:09,869 DEBUG [neo4j.diagnostics]:  [classpath + loader.0] file:/Users/shanerogers/projects/social_visualisation/neo4j_test/starter/neo4j/lib/neo4j-graph-matching-1.8.2.jar
2013-05-30 23:10:09,869 DEBUG [neo4j.diagnostics]:  [classpath + loader.0] file:/Users/shanerogers/projects/social_visualisation/neo4j_test/starter/neo4j/system/lib/slf4j-api-1.6.2.jar
2013-05-30 23:10:09,869 DEBUG [neo4j.diagnostics]:  [classpath + loader.0] file:/Users/shanerogers/projects/social_visualisation/neo4j_test/starter/neo4j/lib/neo4j-jmx-1.8.2.jar
2013-05-30 23:10:09,869 DEBUG [neo4j.diagnostics]:  [classpath + loader.0] file:/Users/shanerogers/projects/social_visualisation/neo4j_test/starter/neo4j/lib/neo4j-graph-algo-1.8.2.jar
2013-05-30 23:10:09,869 DEBUG [neo4j.diagnostics]:  [loader.1] file:/System/Library/Java/Extensions/jai_codec.jar
2013-05-30 23:10:09,869 DEBUG [neo4j.diagnostics]:  [classpath + loader.0] file:/Users/shanerogers/projects/social_visualisation/neo4j_test/starter/neo4j/conf/
2013-05-30 23:10:09,869 DEBUG [neo4j.diagnostics]:  [classpath + loader.0] file:/Users/shanerogers/projects/social_visualisation/neo4j_test/starter/neo4j/system/lib/commons-collections-3.2.1.jar
2013-05-30 23:10:09,869 DEBUG [neo4j.diagnostics]:  [classpath + loader.0] file:/Users/shanerogers/projects/social_visualisation/neo4j_test/starter/neo4j/system/lib/mimepull-1.6.jar
2013-05-30 23:10:09,870 DEBUG [neo4j.diagnostics]:  [classpath + loader.0] file:/Users/shanerogers/projects/social_visualisation/neo4j_test/starter/neo4j/system/lib/commons-beanutils-1.8.0.jar
2013-05-30 23:10:09,870 DEBUG [neo4j.diagnostics]:  [loader.1] file:/System/Library/Java/JavaVirtualMachines/1.6.0.jdk/Contents/Home/lib/ext/sunjce_provider.jar
2013-05-30 23:10:09,870 DEBUG [neo4j.diagnostics]:  [classpath + loader.0] file:/Users/shanerogers/projects/social_visualisation/neo4j_test/starter/neo4j/system/lib/gremlin-groovy-1.5.jar
2013-05-30 23:10:09,870 DEBUG [neo4j.diagnostics]:  [classpath + loader.0] file:/Users/shanerogers/projects/social_visualisation/neo4j_test/starter/neo4j/system/lib/jetty-6.1.25.jar
2013-05-30 23:10:09,870 DEBUG [neo4j.diagnostics]:  [classpath + loader.0] file:/Users/shanerogers/projects/social_visualisation/neo4j_test/starter/neo4j/lib/org.apache.servicemix.bundles.jline-0.9.94_1.jar
2013-05-30 23:10:09,870 DEBUG [neo4j.diagnostics]:  [classpath + loader.0] file:/Users/shanerogers/projects/social_visualisation/neo4j_test/starter/neo4j/system/lib/neo4j-cypher-plugin-1.8.2.jar
2013-05-30 23:10:09,870 DEBUG [neo4j.diagnostics]:  [classpath + loader.0] file:/Users/shanerogers/projects/social_visualisation/neo4j_test/starter/neo4j/system/lib/asm-3.1.jar
2013-05-30 23:10:09,870 DEBUG [neo4j.diagnostics]:  [classpath + loader.0] file:/Users/shanerogers/projects/social_visualisation/neo4j_test/starter/neo4j/system/lib/neo4j-gremlin-plugin-1.8.2.jar
2013-05-30 23:10:09,870 DEBUG [neo4j.diagnostics]:  [classpath + loader.0] file:/Users/shanerogers/projects/social_visualisation/neo4j_test/starter/neo4j/system/lib/jackson-core-asl-1.9.7.jar
2013-05-30 23:10:09,870 DEBUG [neo4j.diagnostics]:  [classpath + loader.0] file:/Users/shanerogers/projects/social_visualisation/neo4j_test/starter/neo4j/system/lib/jersey-server-1.9.jar
2013-05-30 23:10:09,870 DEBUG [neo4j.diagnostics]:  [classpath + loader.0] file:/Users/shanerogers/projects/social_visualisation/neo4j_test/starter/neo4j/system/lib/commons-digester-1.8.1.jar
2013-05-30 23:10:09,870 DEBUG [neo4j.diagnostics]:  [classpath + loader.0] file:/Users/shanerogers/projects/social_visualisation/neo4j_test/starter/neo4j/system/lib/commons-configuration-1.6.jar
2013-05-30 23:10:09,870 DEBUG [neo4j.diagnostics]:  [classpath + loader.0] file:/Users/shanerogers/projects/social_visualisation/neo4j_test/starter/neo4j/system/lib/asm-tree-3.2.jar
2013-05-30 23:10:09,870 DEBUG [neo4j.diagnostics]:  [bootstrap] /System/Library/Java/JavaVirtualMachines/1.6.0.jdk/Contents/Home/lib/jce.jar
2013-05-30 23:10:09,870 DEBUG [neo4j.diagnostics]:  [bootstrap] /System/Library/Java/JavaVirtualMachines/1.6.0.jdk/Contents/Classes/jsse.jar
2013-05-30 23:10:09,870 DEBUG [neo4j.diagnostics]:  [classpath + loader.0] file:/Users/shanerogers/projects/social_visualisation/neo4j_test/starter/neo4j/system/lib/jersey-multipart-1.9.jar
2013-05-30 23:10:09,870 DEBUG [neo4j.diagnostics]:  [classpath + loader.0] file:/Users/shanerogers/projects/social_visualisation/neo4j_test/starter/neo4j/lib/lucene-core-3.5.0.jar
2013-05-30 23:10:09,871 DEBUG [neo4j.diagnostics]:  [loader.1] file:/System/Library/Java/Extensions/AppleScriptEngine.jar
2013-05-30 23:10:09,871 DEBUG [neo4j.diagnostics]:  [classpath + loader.0] file:/Users/shanerogers/projects/social_visualisation/neo4j_test/starter/neo4j/system/lib/blueprints-neo4j-graph-1.2.jar
2013-05-30 23:10:09,871 DEBUG [neo4j.diagnostics]:  [classpath + loader.0] file:/Users/shanerogers/projects/social_visualisation/neo4j_test/starter/neo4j/system/lib/pipes-1.0.jar
2013-05-30 23:10:09,871 DEBUG [neo4j.diagnostics]:  [classpath + loader.0] file:/Users/shanerogers/projects/social_visualisation/neo4j_test/starter/neo4j/system/lib/jsr311-api-1.1.2.r612.jar
2013-05-30 23:10:09,871 DEBUG [neo4j.diagnostics]:  [loader.1] file:/System/Library/Java/JavaVirtualMachines/1.6.0.jdk/Contents/Home/lib/ext/apple_provider.jar
2013-05-30 23:10:09,871 DEBUG [neo4j.diagnostics]:  [classpath + loader.0] file:/Users/shanerogers/projects/social_visualisation/neo4j_test/starter/neo4j/lib/scala-library-2.9.1-1.jar
2013-05-30 23:10:09,871 DEBUG [neo4j.diagnostics]:  [bootstrap] /System/Library/Java/JavaVirtualMachines/1.6.0.jdk/Contents/Classes/jsfd.jar
2013-05-30 23:10:09,871 DEBUG [neo4j.diagnostics]:  [classpath + loader.0] file:/Users/shanerogers/projects/social_visualisation/neo4j_test/starter/neo4j/system/lib/neo4j-server-1.8.2-static-web.jar
2013-05-30 23:10:09,871 DEBUG [neo4j.diagnostics]:  [classpath + loader.0] file:/Users/shanerogers/projects/social_visualisation/neo4j_test/starter/neo4j/lib/neo4j-udc-1.8.2.jar
2013-05-30 23:10:09,871 DEBUG [neo4j.diagnostics]:  [loader.1] file:/System/Library/Java/JavaVirtualMachines/1.6.0.jdk/Contents/Home/lib/ext/sunpkcs11.jar
2013-05-30 23:10:09,871 DEBUG [neo4j.diagnostics]:  [classpath + loader.0] file:/Users/shanerogers/projects/social_visualisation/neo4j_test/starter/neo4j/system/lib/asm-util-3.2.jar
2013-05-30 23:10:09,871 DEBUG [neo4j.diagnostics]:  [classpath + loader.0] file:/Users/shanerogers/projects/social_visualisation/neo4j_test/starter/neo4j/system/lib/jackson-mapper-asl-1.9.7.jar
2013-05-30 23:10:09,871 DEBUG [neo4j.diagnostics]:  [classpath + loader.0] file:/Users/shanerogers/projects/social_visualisation/neo4j_test/starter/neo4j/lib/neo4j-shell-1.8.2.jar
2013-05-30 23:10:09,871 DEBUG [neo4j.diagnostics]:  [classpath + loader.0] file:/Users/shanerogers/projects/social_visualisation/neo4j_test/starter/neo4j/system/lib/logback-core-0.9.30.jar
2013-05-30 23:10:09,871 DEBUG [neo4j.diagnostics]: Library path:
2013-05-30 23:10:09,872 DEBUG [neo4j.diagnostics]: /Users/shanerogers/projects/social_visualisation/neo4j_test/starter/neo4j
2013-05-30 23:10:09,872 DEBUG [neo4j.diagnostics]: /Library/Java/Extensions
2013-05-30 23:10:09,872 DEBUG [neo4j.diagnostics]: /System/Library/Java/Extensions
2013-05-30 23:10:09,872 DEBUG [neo4j.diagnostics]: /usr/lib/java
2013-05-30 23:10:09,872 DEBUG [neo4j.diagnostics]: System.properties:
2013-05-30 23:10:09,873 DEBUG [neo4j.diagnostics]: sun.boot.library.path = /System/Library/Java/JavaVirtualMachines/1.6.0.jdk/Contents/Libraries
2013-05-30 23:10:09,873 DEBUG [neo4j.diagnostics]: awt.nativeDoubleBuffering = true
2013-05-30 23:10:09,873 DEBUG [neo4j.diagnostics]: org.neo4j.server.properties = /Users/shanerogers/projects/social_visualisation/neo4j_test/starter/neo4j/conf/neo4j-server.properties
2013-05-30 23:10:09,873 DEBUG [neo4j.diagnostics]: gopherProxySet = false
2013-05-30 23:10:09,873 DEBUG [neo4j.diagnostics]: mrj.build = 11M4406
2013-05-30 23:10:09,873 DEBUG [neo4j.diagnostics]: path.separator = :
2013-05-30 23:10:09,873 DEBUG [neo4j.diagnostics]: file.encoding.pkg = sun.io
2013-05-30 23:10:09,873 DEBUG [neo4j.diagnostics]: sun.java.launcher = SUN_STANDARD
2013-05-30 23:10:09,873 DEBUG [neo4j.diagnostics]: user.country = US
2013-05-30 23:10:09,873 DEBUG [neo4j.diagnostics]: sun.os.patch.level = unknown
2013-05-30 23:10:09,873 DEBUG [neo4j.diagnostics]: user.dir = /Users/shanerogers/projects/social_visualisation/neo4j_test/starter/neo4j
2013-05-30 23:10:09,873 DEBUG [neo4j.diagnostics]: log4j.configuration = file:conf/log4j.properties
2013-05-30 23:10:09,873 DEBUG [neo4j.diagnostics]: sun.jnu.encoding = MacRoman
2013-05-30 23:10:09,873 DEBUG [neo4j.diagnostics]: sun.management.compiler = HotSpot 64-Bit Tiered Compilers
2013-05-30 23:10:09,873 DEBUG [neo4j.diagnostics]: http.nonProxyHosts = local|*.local|169.254/16|*.169.254/16
2013-05-30 23:10:09,873 DEBUG [neo4j.diagnostics]: user.home = /Users/shanerogers
2013-05-30 23:10:09,874 DEBUG [neo4j.diagnostics]: user.timezone = America/Denver
2013-05-30 23:10:09,874 DEBUG [neo4j.diagnostics]: file.encoding = UTF-8
2013-05-30 23:10:09,874 DEBUG [neo4j.diagnostics]: user.name = shanerogers
2013-05-30 23:10:09,874 DEBUG [neo4j.diagnostics]: sun.java.command = org.neo4j.server.Bootstrapper
2013-05-30 23:10:09,874 DEBUG [neo4j.diagnostics]: sun.arch.data.model = 64
2013-05-30 23:10:09,874 DEBUG [neo4j.diagnostics]: user.language = en
2013-05-30 23:10:09,874 DEBUG [neo4j.diagnostics]: awt.toolkit = apple.awt.CToolkit
2013-05-30 23:10:09,874 DEBUG [neo4j.diagnostics]: file.separator = /
2013-05-30 23:10:09,874 DEBUG [neo4j.diagnostics]: sun.io.unicode.encoding = UnicodeLittle
2013-05-30 23:10:09,874 DEBUG [neo4j.diagnostics]: sun.cpu.endian = little
2013-05-30 23:10:09,874 DEBUG [neo4j.diagnostics]: mrj.version = 1070.1.6.0_45-451
2013-05-30 23:10:09,874 DEBUG [neo4j.diagnostics]: socksNonProxyHosts = local|*.local|169.254/16|*.169.254/16
2013-05-30 23:10:09,874 DEBUG [neo4j.diagnostics]: neo4j.instance = /Users/shanerogers/projects/social_visualisation/neo4j_test/starter/neo4j
2013-05-30 23:10:09,874 DEBUG [neo4j.diagnostics]: ftp.nonProxyHosts = local|*.local|169.254/16|*.169.254/16
2013-05-30 23:10:09,875 DEBUG [neo4j.diagnostics]: neo4j.home = /Users/shanerogers/projects/social_visualisation/neo4j_test/starter/neo4j
2013-05-30 23:10:09,875 DEBUG [neo4j.diagnostics]: sun.cpu.isalist = 
2013-05-30 23:10:09,875 DEBUG [neo4j.diagnostics]: Network information:
2013-05-30 23:10:09,877 DEBUG [neo4j.diagnostics]: Interface en0:
2013-05-30 23:10:09,877 DEBUG [neo4j.diagnostics]:     address: fe80:0:0:0:7ed1:c3ff:fee1:c94f%4
2013-05-30 23:10:09,877 DEBUG [neo4j.diagnostics]:     address: 10.19.1.30
2013-05-30 23:10:09,877 DEBUG [neo4j.diagnostics]: Interface lo0:
2013-05-30 23:10:09,877 DEBUG [neo4j.diagnostics]:     address: 0:0:0:0:0:0:0:1
2013-05-30 23:10:09,877 DEBUG [neo4j.diagnostics]:     address: fe80:0:0:0:0:0:0:1%1
2013-05-30 23:10:09,878 DEBUG [neo4j.diagnostics]:     address: 127.0.0.1
2013-05-30 23:10:09,878 DEBUG [neo4j.diagnostics]: --- STARTUP diagnostics END ---
2013-05-30 23:10:09,881 INFO  [neo4j.txmanager]: Recovery completed, all transactions have been resolved to a consistent state.
2013-05-30 23:10:09,959 INFO  [neo4j.extension]: Extension org.neo4j.kernel.KernelExtension[kernel jmx] loaded ok
2013-05-30 23:10:09,962 INFO  [neo4j.extension]: Extension org.neo4j.kernel.KernelExtension[kernel udc] loaded ok
2013-05-30 23:10:10,112 INFO  [neo4j.extension]: Extension org.neo4j.kernel.KernelExtension[shell] loaded ok
2013-05-30 23:10:10,115 DEBUG [neo4j.diagnostics]: --- STARTUP diagnostics for KernelDiagnostics:Versions START ---
2013-05-30 23:10:10,116 DEBUG [neo4j.diagnostics]: Graph Database: org.neo4j.kernel.EmbeddedGraphDatabase StoreId[time:1369977009403, id:3695860444819381856, store version: 13561656364791302]
2013-05-30 23:10:10,116 DEBUG [neo4j.diagnostics]: Kernel version: Neo4j - Graph Database Kernel 1.8.2
2013-05-30 23:10:10,116 DEBUG [neo4j.diagnostics]: Neo4j component versions:
2013-05-30 23:10:10,117 DEBUG [neo4j.diagnostics]:   Neo4j - Graph Database Kernel 1.8.2
2013-05-30 23:10:10,117 DEBUG [neo4j.diagnostics]: --- STARTUP diagnostics for KernelDiagnostics:Versions END ---
2013-05-30 23:10:10,126 DEBUG [neo4j.diagnostics]: --- STARTUP diagnostics for NEO_STORE_VERSIONS START ---
2013-05-30 23:10:10,127 DEBUG [neo4j.diagnostics]: Store versions:
2013-05-30 23:10:10,127 DEBUG [neo4j.diagnostics]: Store versions:
2013-05-30 23:10:10,127 DEBUG [neo4j.diagnostics]:   NeoStore v0.A.0
2013-05-30 23:10:10,127 DEBUG [neo4j.diagnostics]:   NodeStore v0.A.0
2013-05-30 23:10:10,127 DEBUG [neo4j.diagnostics]:   RelationshipStore v0.A.0
2013-05-30 23:10:10,127 DEBUG [neo4j.diagnostics]:   RelationshipTypeStore v0.A.0
2013-05-30 23:10:10,127 DEBUG [neo4j.diagnostics]:   PropertyStore v0.A.0
2013-05-30 23:10:10,127 DEBUG [neo4j.diagnostics]:   PropertyIndexStore v0.A.0
2013-05-30 23:10:10,127 DEBUG [neo4j.diagnostics]:   StringPropertyStore v0.A.0
2013-05-30 23:10:10,127 DEBUG [neo4j.diagnostics]:   ArrayPropertyStore v0.A.0
2013-05-30 23:10:10,127 DEBUG [neo4j.diagnostics]: --- STARTUP diagnostics for NEO_STORE_VERSIONS END ---
2013-05-30 23:10:10,127 DEBUG [neo4j.diagnostics]: --- STARTUP diagnostics for NEO_STORE_ID_USAGE START ---
2013-05-30 23:10:10,127 DEBUG [neo4j.diagnostics]: Id usage:
2013-05-30 23:10:10,128 DEBUG [neo4j.diagnostics]: Id usage:
2013-05-30 23:10:10,128 DEBUG [neo4j.diagnostics]:   NodeStore: used=1 high=0
2013-05-30 23:10:10,128 DEBUG [neo4j.diagnostics]:   RelationshipStore: used=0 high=-1
2013-05-30 23:10:10,128 DEBUG [neo4j.diagnostics]:   RelationshipTypeStore: used=0 high=-1
2013-05-30 23:10:10,128 DEBUG [neo4j.diagnostics]:   PropertyStore: used=0 high=-1
2013-05-30 23:10:10,128 DEBUG [neo4j.diagnostics]:   PropertyIndexStore: used=0 high=-1
2013-05-30 23:10:10,128 DEBUG [neo4j.diagnostics]:   StringPropertyStore: used=1 high=0
2013-05-30 23:10:10,129 DEBUG [neo4j.diagnostics]:   ArrayPropertyStore: used=1 high=0
2013-05-30 23:10:10,129 DEBUG [neo4j.diagnostics]: --- STARTUP diagnostics for NEO_STORE_ID_USAGE END ---
2013-05-30 23:10:10,129 DEBUG [neo4j.diagnostics]: --- STARTUP diagnostics for PERSISTENCE_WINDOW_POOL_STATS START ---
2013-05-30 23:10:10,129 DEBUG [neo4j.diagnostics]: --- STARTUP diagnostics for PERSISTENCE_WINDOW_POOL_STATS END ---
2013-05-30 23:10:10,129 DEBUG [neo4j.diagnostics]: --- STARTUP diagnostics for KernelDiagnostics:StoreFiles START ---
2013-05-30 23:10:10,129 DEBUG [neo4j.diagnostics]: Disk space on partition (Total / Free / Free %): 120473067520 / 52786159616 / 56
Storage files: (filename : modification date - size)
2013-05-30 23:10:10,130 DEBUG [neo4j.diagnostics]:   active_tx_log: 2013-05-30T23:10:09-0600 - 11.00 B
2013-05-30 23:10:10,130 DEBUG [neo4j.diagnostics]:   index:
2013-05-30 23:10:10,130 DEBUG [neo4j.diagnostics]:     lucene-store.db: 2013-05-30T23:10:09-0600 - 40.00 B
2013-05-30 23:10:10,130 DEBUG [neo4j.diagnostics]:     lucene.log.1: 2013-05-30T23:10:10-0600 - 16.00 B
2013-05-30 23:10:10,131 DEBUG [neo4j.diagnostics]:     lucene.log.active: 2013-05-30T23:10:09-0600 - 4.00 B
2013-05-30 23:10:10,131 DEBUG [neo4j.diagnostics]:   - Total: 2013-05-30T23:10:09-0600 - 60.00 B
2013-05-30 23:10:10,131 DEBUG [neo4j.diagnostics]:   lock: 2013-05-30T23:10:09-0600 - 0.00 B
2013-05-30 23:10:10,132 DEBUG [neo4j.diagnostics]:   messages.log: 2013-05-30T23:10:10-0600 - 32.79 kB
2013-05-30 23:10:10,132 DEBUG [neo4j.diagnostics]:   neostore: 2013-05-30T23:10:09-0600 - 54.00 B
2013-05-30 23:10:10,132 DEBUG [neo4j.diagnostics]:   neostore.id: 2013-05-30T23:10:09-0600 - 9.00 B
2013-05-30 23:10:10,132 DEBUG [neo4j.diagnostics]:   neostore.nodestore.db: 2013-05-30T23:10:09-0600 - 9.00 B
2013-05-30 23:10:10,133 DEBUG [neo4j.diagnostics]:   neostore.nodestore.db.id: 2013-05-30T23:10:09-0600 - 9.00 B
2013-05-30 23:10:10,133 DEBUG [neo4j.diagnostics]:   neostore.propertystore.db: 2013-05-30T23:10:09-0600 - 0.00 B
2013-05-30 23:10:10,133 DEBUG [neo4j.diagnostics]:   neostore.propertystore.db.arrays: 2013-05-30T23:10:09-0600 - 128.00 B
2013-05-30 23:10:10,133 DEBUG [neo4j.diagnostics]:   neostore.propertystore.db.arrays.id: 2013-05-30T23:10:09-0600 - 9.00 B
2013-05-30 23:10:10,134 DEBUG [neo4j.diagnostics]:   neostore.propertystore.db.id: 2013-05-30T23:10:09-0600 - 9.00 B
2013-05-30 23:10:10,134 DEBUG [neo4j.diagnostics]:   neostore.propertystore.db.index: 2013-05-30T23:10:09-0600 - 0.00 B
2013-05-30 23:10:10,135 DEBUG [neo4j.diagnostics]:   neostore.propertystore.db.index.id: 2013-05-30T23:10:09-0600 - 9.00 B
2013-05-30 23:10:10,135 DEBUG [neo4j.diagnostics]:   neostore.propertystore.db.index.keys: 2013-05-30T23:10:09-0600 - 38.00 B
2013-05-30 23:10:10,135 DEBUG [neo4j.diagnostics]:   neostore.propertystore.db.index.keys.id: 2013-05-30T23:10:09-0600 - 9.00 B
2013-05-30 23:10:10,136 DEBUG [neo4j.diagnostics]:   neostore.propertystore.db.strings: 2013-05-30T23:10:09-0600 - 128.00 B
2013-05-30 23:10:10,136 DEBUG [neo4j.diagnostics]:   neostore.propertystore.db.strings.id: 2013-05-30T23:10:09-0600 - 9.00 B
2013-05-30 23:10:10,136 DEBUG [neo4j.diagnostics]:   neostore.relationshipstore.db: 2013-05-30T23:10:09-0600 - 0.00 B
2013-05-30 23:10:10,137 DEBUG [neo4j.diagnostics]:   neostore.relationshipstore.db.id: 2013-05-30T23:10:09-0600 - 9.00 B
2013-05-30 23:10:10,137 DEBUG [neo4j.diagnostics]:   neostore.relationshiptypestore.db: 2013-05-30T23:10:09-0600 - 0.00 B
2013-05-30 23:10:10,137 DEBUG [neo4j.diagnostics]:   neostore.relationshiptypestore.db.id: 2013-05-30T23:10:09-0600 - 9.00 B
2013-05-30 23:10:10,138 DEBUG [neo4j.diagnostics]:   neostore.relationshiptypestore.db.names: 2013-05-30T23:10:09-0600 - 38.00 B
2013-05-30 23:10:10,138 DEBUG [neo4j.diagnostics]:   neostore.relationshiptypestore.db.names.id: 2013-05-30T23:10:09-0600 - 9.00 B
2013-05-30 23:10:10,139 DEBUG [neo4j.diagnostics]:   nioneo_logical.log.1: 2013-05-30T23:10:09-0600 - 16.00 B
2013-05-30 23:10:10,139 DEBUG [neo4j.diagnostics]:   nioneo_logical.log.active: 2013-05-30T23:10:09-0600 - 4.00 B
2013-05-30 23:10:10,139 DEBUG [neo4j.diagnostics]:   store_lock: 2013-05-30T23:10:09-0600 - 0.00 B
2013-05-30 23:10:10,140 DEBUG [neo4j.diagnostics]:   tm_tx_log.1: 2013-05-30T23:10:09-0600 - 0.00 B
2013-05-30 23:10:10,140 DEBUG [neo4j.diagnostics]: --- STARTUP diagnostics for KernelDiagnostics:StoreFiles END ---
2013-05-30 23:10:10,141 INFO  [neo4j]: Started - database is now available
2013-05-30 23:10:10,141 INFO  [neo4j]: GC Monitor started. 
2013-05-30 23:10:10,879 DEBUG [neo4j.diagnostics]: --- SERVER STARTUP START ---
2013-05-30 23:10:10,879 DEBUG [neo4j.diagnostics]: --- STARTUP diagnostics for org.neo4j.server.configuration.Configurator START ---
2013-05-30 23:10:10,881 DEBUG [neo4j.diagnostics]: Server configuration:
2013-05-30 23:10:10,882 DEBUG [neo4j.diagnostics]: org.neo4j.server.database.location = data/graph.db
2013-05-30 23:10:10,882 DEBUG [neo4j.diagnostics]: org.neo4j.server.webserver.port = 7474
2013-05-30 23:10:10,882 DEBUG [neo4j.diagnostics]: org.neo4j.server.webserver.https.enabled = true
2013-05-30 23:10:10,882 DEBUG [neo4j.diagnostics]: org.neo4j.server.webserver.https.port = 7473
2013-05-30 23:10:10,882 DEBUG [neo4j.diagnostics]: org.neo4j.server.webserver.https.cert.location = conf/ssl/snakeoil.cert
2013-05-30 23:10:10,882 DEBUG [neo4j.diagnostics]: org.neo4j.server.webserver.https.key.location = conf/ssl/snakeoil.key
2013-05-30 23:10:10,882 DEBUG [neo4j.diagnostics]: org.neo4j.server.webserver.https.keystore.location = data/keystore
2013-05-30 23:10:10,882 DEBUG [neo4j.diagnostics]: org.neo4j.server.webadmin.rrdb.location = data/rrd
2013-05-30 23:10:10,882 DEBUG [neo4j.diagnostics]: org.neo4j.server.db.tuning.properties = conf/neo4j.properties
2013-05-30 23:10:10,882 DEBUG [neo4j.diagnostics]: org.neo4j.server.http.log.enabled = false
2013-05-30 23:10:10,882 DEBUG [neo4j.diagnostics]: org.neo4j.server.http.log.config = conf/neo4j-http-logging.xml
2013-05-30 23:10:10,882 DEBUG [neo4j.diagnostics]: org.neo4j.server.webadmin.management.uri = /db/manage/
2013-05-30 23:10:10,882 DEBUG [neo4j.diagnostics]: org.neo4j.server.webadmin.data.uri = /db/data/
2013-05-30 23:10:10,882 DEBUG [neo4j.diagnostics]: --- STARTUP diagnostics for org.neo4j.server.configuration.Configurator END ---
2013-05-30 23:10:10,903 DEBUG [neo4j.diagnostics]: Mounted discovery module (org.neo4j.server.rest.discovery) at: /
2013-05-30 23:10:10,962 DEBUG [neo4j.diagnostics]: Loaded server plugin "CypherPlugin" (org.neo4j.server.plugin.cypher.CypherPlugin)
2013-05-30 23:10:10,964 DEBUG [neo4j.diagnostics]:   GraphDatabaseService.execute_query: execute a query
2013-05-30 23:10:10,965 DEBUG [neo4j.diagnostics]: Loaded server plugin "GremlinPlugin" (org.neo4j.server.plugin.gremlin.GremlinPlugin)
2013-05-30 23:10:10,965 DEBUG [neo4j.diagnostics]:   GraphDatabaseService.execute_script: execute a Gremlin script with 'g' set to the Neo4jGraph and 'results' containing the results. Only results of one object type is supported.
2013-05-30 23:10:10,965 DEBUG [neo4j.diagnostics]: Mounted REST API at: /db/data/
2013-05-30 23:10:10,966 DEBUG [neo4j.diagnostics]: Mounted management API at: /db/manage/
2013-05-30 23:10:11,027 DEBUG [neo4j.diagnostics]: Mounted webadmin at: /webadmin
2013-05-30 23:10:12,691 DEBUG [neo4j.diagnostics]: Server started on: http://localhost:7474/
2013-05-30 23:10:12,691 DEBUG [neo4j.diagnostics]: --- SERVER STARTUP END ---
