5/30/13 11:10:09 PM org.neo4j.server.database.Database INFO: Loaded neo4j tuning properties from conf/neo4j.properties
23:10:09.398 [main] INFO  neo4j.datasource - Creating new db @ /Users/shanerogers/projects/social_visualisation/neo4j_test/starter/neo4j/data/graph.db/neostore
23:10:09.427 [main] INFO  neo4j.neostore - [/Users/shanerogers/projects/social_visualisation/neo4j_test/starter/neo4j/data/graph.db/neostore.nodestore.db] brickCount=0 brickSize=964683b mappedMem=96468992b (storeSize=0b)
23:10:09.431 [main] INFO  neo4j.neostore - /Users/shanerogers/projects/social_visualisation/neo4j_test/starter/neo4j/data/graph.db/neostore.nodestore.db hit=1 miss=0 switches=0 ooe=0
23:10:09.443 [main] INFO  neo4j.neostore - [/Users/shanerogers/projects/social_visualisation/neo4j_test/starter/neo4j/data/graph.db/neostore.relationshiptypestore.db.names] brickCount=0 brickSize=0b mappedMem=0b (storeSize=38b)
23:10:09.448 [main] INFO  neo4j.neostore - [/Users/shanerogers/projects/social_visualisation/neo4j_test/starter/neo4j/data/graph.db/neostore.relationshiptypestore.db] brickCount=0 brickSize=0b mappedMem=0b (storeSize=0b)
23:10:09.448 [main] INFO  neo4j.neostore - /Users/shanerogers/projects/social_visualisation/neo4j_test/starter/neo4j/data/graph.db/neostore.relationshiptypestore.db.names hit=0 miss=0 switches=0 ooe=0
23:10:09.449 [main] INFO  neo4j.neostore - /Users/shanerogers/projects/social_visualisation/neo4j_test/starter/neo4j/data/graph.db/neostore.relationshiptypestore.db hit=0 miss=0 switches=0 ooe=0
23:10:09.450 [main] INFO  neo4j.neostore - [/Users/shanerogers/projects/social_visualisation/neo4j_test/starter/neo4j/data/graph.db/neostore.relationshiptypestore.db.names] brickCount=0 brickSize=0b mappedMem=0b (storeSize=38b)
23:10:09.451 [main] INFO  neo4j.neostore - [/Users/shanerogers/projects/social_visualisation/neo4j_test/starter/neo4j/data/graph.db/neostore.relationshiptypestore.db] brickCount=0 brickSize=0b mappedMem=0b (storeSize=0b)
23:10:09.451 [main] INFO  neo4j.neostore - [/Users/shanerogers/projects/social_visualisation/neo4j_test/starter/neo4j/data/graph.db/neostore.propertystore.db.strings] brickCount=0 brickSize=295680b mappedMem=295698432b (storeSize=128b)
23:10:09.452 [main] INFO  neo4j.neostore - [/Users/shanerogers/projects/social_visualisation/neo4j_test/starter/neo4j/data/graph.db/neostore.propertystore.db.index.keys] brickCount=0 brickSize=1026b mappedMem=1048576b (storeSize=38b)
23:10:09.453 [main] INFO  neo4j.neostore - [/Users/shanerogers/projects/social_visualisation/neo4j_test/starter/neo4j/data/graph.db/neostore.propertystore.db.index] brickCount=0 brickSize=10485b mappedMem=1048576b (storeSize=0b)
23:10:09.455 [main] INFO  neo4j.neostore - [/Users/shanerogers/projects/social_visualisation/neo4j_test/starter/neo4j/data/graph.db/neostore.propertystore.db.arrays] brickCount=0 brickSize=334464b mappedMem=334495744b (storeSize=128b)
23:10:09.458 [main] INFO  neo4j.neostore - [/Users/shanerogers/projects/social_visualisation/neo4j_test/starter/neo4j/data/graph.db/neostore.propertystore.db] brickCount=0 brickSize=3470773b mappedMem=347078656b (storeSize=0b)
23:10:09.461 [main] INFO  neo4j.neostore - [/Users/shanerogers/projects/social_visualisation/neo4j_test/starter/neo4j/data/graph.db/neostore.relationshipstore.db] brickCount=0 brickSize=4257198b mappedMem=425721856b (storeSize=0b)
23:10:09.461 [main] INFO  neo4j.neostore - [/Users/shanerogers/projects/social_visualisation/neo4j_test/starter/neo4j/data/graph.db/neostore.nodestore.db] brickCount=0 brickSize=96462b mappedMem=96468992b (storeSize=9b)
23:10:09.463 [main] INFO  neo4j.neostore - [/Users/shanerogers/projects/social_visualisation/neo4j_test/starter/neo4j/data/graph.db/neostore] brickCount=0 brickSize=0b mappedMem=0b (storeSize=0b)
23:10:09.467 [main] INFO  neo4j.neostore - /Users/shanerogers/projects/social_visualisation/neo4j_test/starter/neo4j/data/graph.db/neostore.relationshiptypestore.db.names hit=0 miss=0 switches=0 ooe=0
23:10:09.468 [main] INFO  neo4j.neostore - /Users/shanerogers/projects/social_visualisation/neo4j_test/starter/neo4j/data/graph.db/neostore.relationshiptypestore.db hit=0 miss=0 switches=0 ooe=0
23:10:09.469 [main] INFO  neo4j.neostore - /Users/shanerogers/projects/social_visualisation/neo4j_test/starter/neo4j/data/graph.db/neostore.propertystore.db.strings hit=0 miss=0 switches=0 ooe=0
23:10:09.470 [main] INFO  neo4j.neostore - /Users/shanerogers/projects/social_visualisation/neo4j_test/starter/neo4j/data/graph.db/neostore.propertystore.db.index.keys hit=0 miss=0 switches=0 ooe=0
23:10:09.471 [main] INFO  neo4j.neostore - /Users/shanerogers/projects/social_visualisation/neo4j_test/starter/neo4j/data/graph.db/neostore.propertystore.db.index hit=0 miss=0 switches=0 ooe=0
23:10:09.472 [main] INFO  neo4j.neostore - /Users/shanerogers/projects/social_visualisation/neo4j_test/starter/neo4j/data/graph.db/neostore.propertystore.db.arrays hit=0 miss=0 switches=0 ooe=0
23:10:09.472 [main] INFO  neo4j.neostore - /Users/shanerogers/projects/social_visualisation/neo4j_test/starter/neo4j/data/graph.db/neostore.propertystore.db hit=0 miss=0 switches=0 ooe=0
23:10:09.473 [main] INFO  neo4j.neostore - /Users/shanerogers/projects/social_visualisation/neo4j_test/starter/neo4j/data/graph.db/neostore.relationshipstore.db hit=0 miss=0 switches=0 ooe=0
23:10:09.474 [main] INFO  neo4j.neostore - /Users/shanerogers/projects/social_visualisation/neo4j_test/starter/neo4j/data/graph.db/neostore.nodestore.db hit=0 miss=0 switches=0 ooe=0
23:10:09.475 [main] INFO  neo4j.neostore - /Users/shanerogers/projects/social_visualisation/neo4j_test/starter/neo4j/data/graph.db/neostore hit=0 miss=8 switches=0 ooe=0
23:10:09.479 [main] INFO  neo4j.neostore - [/Users/shanerogers/projects/social_visualisation/neo4j_test/starter/neo4j/data/graph.db/neostore.relationshiptypestore.db.names] brickCount=0 brickSize=0b mappedMem=0b (storeSize=38b)
23:10:09.480 [main] INFO  neo4j.neostore - [/Users/shanerogers/projects/social_visualisation/neo4j_test/starter/neo4j/data/graph.db/neostore.relationshiptypestore.db] brickCount=0 brickSize=0b mappedMem=0b (storeSize=0b)
23:10:09.481 [main] INFO  neo4j.neostore - [/Users/shanerogers/projects/social_visualisation/neo4j_test/starter/neo4j/data/graph.db/neostore.propertystore.db.strings] brickCount=0 brickSize=295680b mappedMem=295698432b (storeSize=128b)
23:10:09.482 [main] INFO  neo4j.neostore - [/Users/shanerogers/projects/social_visualisation/neo4j_test/starter/neo4j/data/graph.db/neostore.propertystore.db.index.keys] brickCount=0 brickSize=1026b mappedMem=1048576b (storeSize=38b)
23:10:09.483 [main] INFO  neo4j.neostore - [/Users/shanerogers/projects/social_visualisation/neo4j_test/starter/neo4j/data/graph.db/neostore.propertystore.db.index] brickCount=0 brickSize=10485b mappedMem=1048576b (storeSize=0b)
23:10:09.483 [main] INFO  neo4j.neostore - [/Users/shanerogers/projects/social_visualisation/neo4j_test/starter/neo4j/data/graph.db/neostore.propertystore.db.arrays] brickCount=0 brickSize=334464b mappedMem=334495744b (storeSize=128b)
23:10:09.484 [main] INFO  neo4j.neostore - [/Users/shanerogers/projects/social_visualisation/neo4j_test/starter/neo4j/data/graph.db/neostore.propertystore.db] brickCount=0 brickSize=3470773b mappedMem=347078656b (storeSize=0b)
23:10:09.485 [main] INFO  neo4j.neostore - [/Users/shanerogers/projects/social_visualisation/neo4j_test/starter/neo4j/data/graph.db/neostore.relationshipstore.db] brickCount=0 brickSize=4257198b mappedMem=425721856b (storeSize=0b)
23:10:09.486 [main] INFO  neo4j.neostore - [/Users/shanerogers/projects/social_visualisation/neo4j_test/starter/neo4j/data/graph.db/neostore.nodestore.db] brickCount=0 brickSize=96462b mappedMem=96468992b (storeSize=9b)
23:10:09.487 [main] INFO  neo4j.neostore - [/Users/shanerogers/projects/social_visualisation/neo4j_test/starter/neo4j/data/graph.db/neostore] brickCount=0 brickSize=0b mappedMem=0b (storeSize=54b)
23:10:09.506 [main] INFO  neo4j.xafactory - Opened logical log [/Users/shanerogers/projects/social_visualisation/neo4j_test/starter/neo4j/data/graph.db/nioneo_logical.log.1] version=0, lastTxId=1 (clean)
5/30/13 11:10:10 PM org.neo4j.server.database.Database INFO: Successfully started database
5/30/13 11:10:10 PM org.neo4j.server.AbstractNeoServer INFO: Starting Neo Server on port [7474] with [40] threads available
5/30/13 11:10:10 PM org.neo4j.server.AbstractNeoServer INFO: Enabling HTTPS on port [7473]
5/30/13 11:10:10 PM org.neo4j.server.AbstractNeoServer INFO: No SSL certificate found, generating a self-signed certificate..
Logger not configured, logging to std out instead: [FINE] Adding JAXRS packages [org.neo4j.server.rest.discovery] at [/]
5/30/13 11:10:10 PM org.neo4j.server.modules.DiscoveryModule INFO: Mounted discovery module at [/]
Logger not configured, logging to std out instead: [FINE] Adding JAXRS packages [org.neo4j.server.rest.web] at [/db/data]
5/30/13 11:10:10 PM org.neo4j.server.plugins.PluginManager INFO: Loaded server plugin "CypherPlugin"
5/30/13 11:10:10 PM org.neo4j.server.plugins.PluginManager INFO: Loaded server plugin "GremlinPlugin"
5/30/13 11:10:10 PM org.neo4j.server.modules.RESTApiModule INFO: Mounted REST API at [/db/data/]
Logger not configured, logging to std out instead: [FINE] Adding JAXRS packages [org.neo4j.server.webadmin.rest] at [/db/manage]
5/30/13 11:10:10 PM org.neo4j.server.modules.ManagementApiModule INFO: Mounted management API at [/db/manage/]
5/30/13 11:10:11 PM org.neo4j.server.modules.WebAdminModule INFO: Mounted webadmin at [/webadmin]
23:10:11.049 [main] INFO  org.mortbay.log - Logging to Logger[org.mortbay.log] via org.mortbay.log.Slf4jLog
5/30/13 11:10:11 PM org.neo4j.server.web.Jetty6WebServer INFO: Mounting static content at [/webadmin] from [webadmin-html]
Logger not configured, logging to std out instead: [FINE] Found [jar:file:/Users/shanerogers/projects/social_visualisation/neo4j_test/starter/neo4j/system/lib/neo4j-server-1.8.2-static-web.jar!/webadmin-html]
Logger not configured, logging to std out instead: [FINE] Mounting static content from [jar:file:/Users/shanerogers/projects/social_visualisation/neo4j_test/starter/neo4j/system/lib/neo4j-server-1.8.2-static-web.jar!/webadmin-html] at [/webadmin]
Logger not configured, logging to std out instead: [FINE] Mounting servlet at [/db/manage]
Logger not configured, logging to std out instead: [FINE] Mounting servlet at [/db/data]
Logger not configured, logging to std out instead: [FINE] Mounting servlet at [/]
23:10:11.102 [main] INFO  org.mortbay.log - jetty-6.1.25
23:10:11.178 [main] INFO  org.mortbay.log - NO JSP Support for /webadmin, did not find org.apache.jasper.servlet.JspServlet
23:10:12.540 [main] INFO  org.mortbay.log - Started SelectChannelConnector@localhost:7474
23:10:12.690 [main] INFO  org.mortbay.log - Started SslSocketConnector@localhost:7473
5/30/13 11:10:12 PM org.neo4j.server.AbstractNeoServer INFO: Server started on [http://localhost:7474/]
Logger not configured, logging to std out instead: [FINEST] org.neo4j.server.webadmin.rest.ShellSession@3b76d662
Logger not configured, logging to std out instead: [FINEST] org.neo4j.server.webadmin.console.GremlinSession@2f300800
Logger not configured, logging to std out instead: [FINEST] org.neo4j.server.webadmin.console.GremlinSession@2f300800
Logger not configured, logging to std out instead: [FINEST] org.neo4j.server.webadmin.rest.ShellSession@3b76d662
Logger not configured, logging to std out instead: [FINEST] org.neo4j.server.webadmin.console.GremlinSession@2f300800
Logger not configured, logging to std out instead: [FINEST] org.neo4j.server.webadmin.rest.ShellSession@3b76d662
Logger not configured, logging to std out instead: [FINEST] org.neo4j.server.webadmin.console.GremlinSession@2f300800
Logger not configured, logging to std out instead: [FINEST] org.neo4j.server.webadmin.rest.ShellSession@3b76d662
